<!DOCTYPE html>
<html>
  <head>
    <meta charset="utf-8"/>
    <title id="head-title">report.html</title>
      <link href="assets\style.css" rel="stylesheet" type="text/css"/>
  </head>
  <body>
    <h1 id="title">report.html</h1>
    <p>Report generated on 29-Jan-2025 at 22:52:16 by <a href="https://pypi.python.org/pypi/pytest-html">pytest-html</a>
        v4.1.1</p>
    <div id="environment-header">
      <h2>Environment</h2>
    </div>
    <table id="environment"></table>
    <!-- TEMPLATES -->
      <template id="template_environment_row">
      <tr>
        <td></td>
        <td></td>
      </tr>
    </template>
    <template id="template_results-table__body--empty">
      <tbody class="results-table-row">
        <tr id="not-found-message">
          <td colspan="4">No results found. Check the filters.</th>
        </tr>
    </template>
    <template id="template_results-table__tbody">
      <tbody class="results-table-row">
        <tr class="collapsible">
        </tr>
        <tr class="extras-row">
          <td class="extra" colspan="4">
            <div class="extraHTML"></div>
            <div class="media">
              <div class="media-container">
                  <div class="media-container__nav--left"><</div>
                  <div class="media-container__viewport">
                    <img src="" />
                    <video controls>
                      <source src="" type="video/mp4">
                    </video>
                  </div>
                  <div class="media-container__nav--right">></div>
                </div>
                <div class="media__name"></div>
                <div class="media__counter"></div>
            </div>
            <div class="logwrapper">
              <div class="logexpander"></div>
              <div class="log"></div>
            </div>
          </td>
        </tr>
      </tbody>
    </template>
    <!-- END TEMPLATES -->
    <div class="summary">
      <div class="summary__data">
        <h2>Summary</h2>
        <div class="additional-summary prefix">
        </div>
        <p class="run-count">26 tests took 00:07:06.</p>
        <p class="filter">(Un)check the boxes to filter the results.</p>
        <div class="summary__reload">
          <div class="summary__reload__button hidden" onclick="location.reload()">
            <div>There are still tests running. <br />Reload this page to get the latest results!</div>
          </div>
        </div>
        <div class="summary__spacer"></div>
        <div class="controls">
          <div class="filters">
            <input checked="true" class="filter" name="filter_checkbox" type="checkbox" data-test-result="failed" />
            <span class="failed">8 Failed,</span>
            <input checked="true" class="filter" name="filter_checkbox" type="checkbox" data-test-result="passed" />
            <span class="passed">18 Passed,</span>
            <input checked="true" class="filter" name="filter_checkbox" type="checkbox" data-test-result="skipped" disabled/>
            <span class="skipped">0 Skipped,</span>
            <input checked="true" class="filter" name="filter_checkbox" type="checkbox" data-test-result="xfailed" disabled/>
            <span class="xfailed">0 Expected failures,</span>
            <input checked="true" class="filter" name="filter_checkbox" type="checkbox" data-test-result="xpassed" disabled/>
            <span class="xpassed">0 Unexpected passes,</span>
            <input checked="true" class="filter" name="filter_checkbox" type="checkbox" data-test-result="error" disabled/>
            <span class="error">0 Errors,</span>
            <input checked="true" class="filter" name="filter_checkbox" type="checkbox" data-test-result="rerun" disabled/>
            <span class="rerun">0 Reruns</span>
          </div>
          <div class="collapse">
            <button id="show_all_details">Show all details</button>&nbsp;/&nbsp;<button id="hide_all_details">Hide all details</button>
          </div>
        </div>
      </div>
      <div class="additional-summary summary">
      </div>
      <div class="additional-summary postfix">
      </div>
    </div>
    <table id="results-table">
      <thead id="results-table-head">
        <tr>
          <th class="sortable" data-column-type="result">Result</th>
          <th class="sortable" data-column-type="testId">Test</th>
          <th class="sortable" data-column-type="duration">Duration</th>
          <th>Links</th>
        </tr>
      </thead>
    </table>
  </body>
  <footer>
    <div id="data-container" data-jsonblob="{&#34;environment&#34;: {&#34;Python&#34;: &#34;3.9.6&#34;, &#34;Platform&#34;: &#34;Windows-10-10.0.26100-SP0&#34;, &#34;Packages&#34;: {&#34;pytest&#34;: &#34;8.3.4&#34;, &#34;pluggy&#34;: &#34;1.5.0&#34;}, &#34;Plugins&#34;: {&#34;html&#34;: &#34;4.1.1&#34;, &#34;metadata&#34;: &#34;3.1.1&#34;}}, &#34;tests&#34;: {&#34;tests/test_a_user_registration.py::TestRegisterUser::test_register_user&#34;: [{&#34;extras&#34;: [], &#34;result&#34;: &#34;Failed&#34;, &#34;testId&#34;: &#34;tests/test_a_user_registration.py::TestRegisterUser::test_register_user&#34;, &#34;duration&#34;: &#34;00:00:12&#34;, &#34;resultsTableRow&#34;: [&#34;&lt;td class=\&#34;col-result\&#34;&gt;Failed&lt;/td&gt;&#34;, &#34;&lt;td class=\&#34;col-testId\&#34;&gt;tests/test_a_user_registration.py::TestRegisterUser::test_register_user&lt;/td&gt;&#34;, &#34;&lt;td class=\&#34;col-duration\&#34;&gt;00:00:12&lt;/td&gt;&#34;, &#34;&lt;td class=\&#34;col-links\&#34;&gt;&lt;/td&gt;&#34;], &#34;log&#34;: &#34;self = &amp;lt;test_a_user_registration.TestRegisterUser object at 0x0000020D9E768FA0&amp;gt;\n\n    def test_register_user(self):\n        register_page = RegisterUserPage(self.driver)\n        scroll_helper = ScrollHelper(self.driver)\n        register_page.visit(Config.BASE_URL)\n    \n        WebDriverWait(self.driver, 20).until(\n            EC.presence_of_element_located(RegisterUserPage.SIGNUP_LOGIN_LOCATOR)\n        )\n        register_page.click(RegisterUserPage.SIGNUP_LOGIN_LOCATOR)\n    \n        register_page.signup(name=&amp;quot;user2701&amp;quot;, email=&amp;quot;user2701@gmail.com&amp;quot;)\n    \n        scroll_helper.scroll_to_bottom()\n    \n&amp;gt;       register_page.register_user_details(\n            password=&amp;quot;user2701&amp;quot;,\n            day=&amp;quot;15&amp;quot;,\n            month=&amp;quot;May&amp;quot;,\n            year=&amp;quot;1999&amp;quot;,\n            first_name=&amp;quot;User&amp;quot;,\n            last_name=&amp;quot;29011900&amp;quot;,\n            company=&amp;quot;Pie Tech&amp;quot;,\n            address1=&amp;quot;Palm Street&amp;quot;,\n            address2=&amp;quot;Bella casa Apt&amp;quot;,\n            country=&amp;quot;India&amp;quot;,\n            state=&amp;quot;MH&amp;quot;,\n            city=&amp;quot;Pune&amp;quot;,\n            zipcode=&amp;quot;457458&amp;quot;,\n            mobile=&amp;quot;9595248712&amp;quot;\n        )\n\ntests\\test_a_user_registration.py:29: \n_ _ _ _ _ _ _ _ _ _ _ _ _ _ _ _ _ _ _ _ _ _ _ _ _ _ _ _ _ _ _ _ _ _ _ _ _ _ _ _ _ _ _ _ _ _ _ _ _ _ _ _ _ _ _ _ _ _ _ _ _ _ _ _ _ _ _ _ _ _ _ _ _ _ _ _ _ _ _ _ _ _ _ _ _ _ _ _ _ _\npages\\user_registraion_page.py:37: in register_user_details\n    self.click(self.TITLE_RADIO_BUTTON)\npages\\base_page.py:30: in click\n    element = self.find_web_element(locator)\npages\\base_page.py:17: in find_web_element\n    return self.driver.find_element(*locator)\n..\\Capstone_p2\\.venv\\lib\\site-packages\\selenium\\webdriver\\remote\\webdriver.py:888: in find_element\n    return self.execute(Command.FIND_ELEMENT, {&amp;quot;using&amp;quot;: by, &amp;quot;value&amp;quot;: value})[&amp;quot;value&amp;quot;]\n..\\Capstone_p2\\.venv\\lib\\site-packages\\selenium\\webdriver\\remote\\webdriver.py:429: in execute\n    self.error_handler.check_response(response)\n_ _ _ _ _ _ _ _ _ _ _ _ _ _ _ _ _ _ _ _ _ _ _ _ _ _ _ _ _ _ _ _ _ _ _ _ _ _ _ _ _ _ _ _ _ _ _ _ _ _ _ _ _ _ _ _ _ _ _ _ _ _ _ _ _ _ _ _ _ _ _ _ _ _ _ _ _ _ _ _ _ _ _ _ _ _ _ _ _ _\n\nself = &amp;lt;selenium.webdriver.remote.errorhandler.ErrorHandler object at 0x0000020D9E7693A0&amp;gt;\nresponse = {&amp;#x27;status&amp;#x27;: 404, &amp;#x27;value&amp;#x27;: &amp;#x27;{&amp;quot;value&amp;quot;:{&amp;quot;error&amp;quot;:&amp;quot;no such element&amp;quot;,&amp;quot;message&amp;quot;:&amp;quot;no such element: Unable to locate element: {\\...07FF733968B69]\\\\n\\\\tBaseThreadInitThunk [0x00007FFDC63BE8D7+23]\\\\n\\\\tRtlUserThreadStart [0x00007FFDC69BFBCC+44]\\\\n&amp;quot;}}&amp;#x27;}\n\n    def check_response(self, response: Dict[str, Any]) -&amp;gt; None:\n        &amp;quot;&amp;quot;&amp;quot;Checks that a JSON response from the WebDriver does not have an\n        error.\n    \n        :Args:\n         - response - The JSON response from the WebDriver server as a dictionary\n           object.\n    \n        :Raises: If the response contains an error message.\n        &amp;quot;&amp;quot;&amp;quot;\n        status = response.get(&amp;quot;status&amp;quot;, None)\n        if not status or status == ErrorCode.SUCCESS:\n            return\n        value = None\n        message = response.get(&amp;quot;message&amp;quot;, &amp;quot;&amp;quot;)\n        screen: str = response.get(&amp;quot;screen&amp;quot;, &amp;quot;&amp;quot;)\n        stacktrace = None\n        if isinstance(status, int):\n            value_json = response.get(&amp;quot;value&amp;quot;, None)\n            if value_json and isinstance(value_json, str):\n                import json\n    \n                try:\n                    value = json.loads(value_json)\n                    if len(value) == 1:\n                        value = value[&amp;quot;value&amp;quot;]\n                    status = value.get(&amp;quot;error&amp;quot;, None)\n                    if not status:\n                        status = value.get(&amp;quot;status&amp;quot;, ErrorCode.UNKNOWN_ERROR)\n                        message = value.get(&amp;quot;value&amp;quot;) or value.get(&amp;quot;message&amp;quot;)\n                        if not isinstance(message, str):\n                            value = message\n                            message = message.get(&amp;quot;message&amp;quot;)\n                    else:\n                        message = value.get(&amp;quot;message&amp;quot;, None)\n                except ValueError:\n                    pass\n    \n        exception_class: Type[WebDriverException]\n        e = ErrorCode()\n        error_codes = [item for item in dir(e) if not item.startswith(&amp;quot;__&amp;quot;)]\n        for error_code in error_codes:\n            error_info = getattr(ErrorCode, error_code)\n            if isinstance(error_info, list) and status in error_info:\n                exception_class = getattr(ExceptionMapping, error_code, WebDriverException)\n                break\n        else:\n            exception_class = WebDriverException\n    \n        if not value:\n            value = response[&amp;quot;value&amp;quot;]\n        if isinstance(value, str):\n            raise exception_class(value)\n        if message == &amp;quot;&amp;quot; and &amp;quot;message&amp;quot; in value:\n            message = value[&amp;quot;message&amp;quot;]\n    \n        screen = None  # type: ignore[assignment]\n        if &amp;quot;screen&amp;quot; in value:\n            screen = value[&amp;quot;screen&amp;quot;]\n    \n        stacktrace = None\n        st_value = value.get(&amp;quot;stackTrace&amp;quot;) or value.get(&amp;quot;stacktrace&amp;quot;)\n        if st_value:\n            if isinstance(st_value, str):\n                stacktrace = st_value.split(&amp;quot;\\n&amp;quot;)\n            else:\n                stacktrace = []\n                try:\n                    for frame in st_value:\n                        line = frame.get(&amp;quot;lineNumber&amp;quot;, &amp;quot;&amp;quot;)\n                        file = frame.get(&amp;quot;fileName&amp;quot;, &amp;quot;&amp;lt;anonymous&amp;gt;&amp;quot;)\n                        if line:\n                            file = f&amp;quot;{file}:{line}&amp;quot;\n                        meth = frame.get(&amp;quot;methodName&amp;quot;, &amp;quot;&amp;lt;anonymous&amp;gt;&amp;quot;)\n                        if &amp;quot;className&amp;quot; in frame:\n                            meth = f&amp;quot;{frame[&amp;#x27;className&amp;#x27;]}.{meth}&amp;quot;\n                        msg = &amp;quot;    at %s (%s)&amp;quot;\n                        msg = msg % (meth, file)\n                        stacktrace.append(msg)\n                except TypeError:\n                    pass\n        if exception_class == UnexpectedAlertPresentException:\n            alert_text = None\n            if &amp;quot;data&amp;quot; in value:\n                alert_text = value[&amp;quot;data&amp;quot;].get(&amp;quot;text&amp;quot;)\n            elif &amp;quot;alert&amp;quot; in value:\n                alert_text = value[&amp;quot;alert&amp;quot;].get(&amp;quot;text&amp;quot;)\n            raise exception_class(message, screen, stacktrace, alert_text)  # type: ignore[call-arg]  # mypy is not smart enough here\n&amp;gt;       raise exception_class(message, screen, stacktrace)\nE       selenium.common.exceptions.NoSuchElementException: Message: no such element: Unable to locate element: {&amp;quot;method&amp;quot;:&amp;quot;css selector&amp;quot;,&amp;quot;selector&amp;quot;:&amp;quot;[id=&amp;quot;id_gender2&amp;quot;]&amp;quot;}\nE         (Session info: chrome=132.0.6834.112); For documentation on this error, please visit: https://www.selenium.dev/documentation/webdriver/troubleshooting/errors#no-such-element-exception\nE       Stacktrace:\nE       \tGetHandleVerifier [0x00007FF733A102F5+28725]\nE       \t(No symbol) [0x00007FF733972AE0]\nE       \t(No symbol) [0x00007FF73380510A]\nE       \t(No symbol) [0x00007FF7338593D2]\nE       \t(No symbol) [0x00007FF7338595FC]\nE       \t(No symbol) [0x00007FF7338A3407]\nE       \t(No symbol) [0x00007FF73387FFEF]\nE       \t(No symbol) [0x00007FF7338A0181]\nE       \t(No symbol) [0x00007FF73387FD53]\nE       \t(No symbol) [0x00007FF73384A0E3]\nE       \t(No symbol) [0x00007FF73384B471]\nE       \tGetHandleVerifier [0x00007FF733D3F30D+3366989]\nE       \tGetHandleVerifier [0x00007FF733D512F0+3440688]\nE       \tGetHandleVerifier [0x00007FF733D478FD+3401277]\nE       \tGetHandleVerifier [0x00007FF733ADAAAB+858091]\nE       \t(No symbol) [0x00007FF73397E74F]\nE       \t(No symbol) [0x00007FF73397A304]\nE       \t(No symbol) [0x00007FF73397A49D]\nE       \t(No symbol) [0x00007FF733968B69]\nE       \tBaseThreadInitThunk [0x00007FFDC63BE8D7+23]\nE       \tRtlUserThreadStart [0x00007FFDC69BFBCC+44]\n\n..\\Capstone_p2\\.venv\\lib\\site-packages\\selenium\\webdriver\\remote\\errorhandler.py:232: NoSuchElementException\n&#34;}], &#34;tests/test_add_product_cart.py::TestAddProductsToCart::test_add_products_in_cart[https://www.automationexercise.com/]&#34;: [{&#34;extras&#34;: [], &#34;result&#34;: &#34;Passed&#34;, &#34;testId&#34;: &#34;tests/test_add_product_cart.py::TestAddProductsToCart::test_add_products_in_cart[https://www.automationexercise.com/]&#34;, &#34;duration&#34;: &#34;00:00:16&#34;, &#34;resultsTableRow&#34;: [&#34;&lt;td class=\&#34;col-result\&#34;&gt;Passed&lt;/td&gt;&#34;, &#34;&lt;td class=\&#34;col-testId\&#34;&gt;tests/test_add_product_cart.py::TestAddProductsToCart::test_add_products_in_cart[https://www.automationexercise.com/]&lt;/td&gt;&#34;, &#34;&lt;td class=\&#34;col-duration\&#34;&gt;00:00:16&lt;/td&gt;&#34;, &#34;&lt;td class=\&#34;col-links\&#34;&gt;&lt;/td&gt;&#34;], &#34;log&#34;: &#34;----------------------------- Captured stdout call -----------------------------\nHome page is successfully loaded.\nNavigated to Products page.\nFirst product added to cart.\nClicked &amp;#x27;Continue Shopping&amp;#x27;.\nSecond product added to cart.\nNavigated to View Cart page.\nNumber of products in cart: 2\nScreenshot saved at: screenshots\\adding_products_to_cart_20250129_224535.png\nScreenshot taken: screenshots\\adding_products_to_cart_20250129_224535.png\n&#34;}], &#34;tests/test_add_review_on_product.py::TestProductsReview::test_verify_review_functionality[https://www.automationexercise.com/]&#34;: [{&#34;extras&#34;: [], &#34;result&#34;: &#34;Failed&#34;, &#34;testId&#34;: &#34;tests/test_add_review_on_product.py::TestProductsReview::test_verify_review_functionality[https://www.automationexercise.com/]&#34;, &#34;duration&#34;: &#34;00:00:12&#34;, &#34;resultsTableRow&#34;: [&#34;&lt;td class=\&#34;col-result\&#34;&gt;Failed&lt;/td&gt;&#34;, &#34;&lt;td class=\&#34;col-testId\&#34;&gt;tests/test_add_review_on_product.py::TestProductsReview::test_verify_review_functionality[https://www.automationexercise.com/]&lt;/td&gt;&#34;, &#34;&lt;td class=\&#34;col-duration\&#34;&gt;00:00:12&lt;/td&gt;&#34;, &#34;&lt;td class=\&#34;col-links\&#34;&gt;&lt;/td&gt;&#34;], &#34;log&#34;: &#34;self = &amp;lt;test_add_review_on_product.TestProductsReview object at 0x0000020D9E7684C0&amp;gt;, url = &amp;#x27;https://www.automationexercise.com/&amp;#x27;\n\n    @pytest.mark.parametrize(&amp;quot;url&amp;quot;, [Config.BASE_URL])\n    def test_verify_review_functionality(self, url):\n        &amp;quot;&amp;quot;&amp;quot;Test to verify the review functionality on the Products page.&amp;quot;&amp;quot;&amp;quot;\n        review_page = ProductsReviewPage(self.driver)\n        review_page.visit(url)\n        assert &amp;quot;Automation Exercise&amp;quot; in self.driver.title, &amp;quot;Home page title does not match.&amp;quot;\n        print(&amp;quot;Home page successfully loaded.&amp;quot;)\n    \n        review_page.navigate_to_products_page()\n        assert review_page.verify_all_products_header(), &amp;quot;All Products header is not visible.&amp;quot;\n        print(&amp;quot;Navigated to All Products page.&amp;quot;)\n    \n&amp;gt;       review_page.click_first_product_view_button()\n\n..\\Capstone_p2\\tests\\test_add_review_on_product.py:21: \n_ _ _ _ _ _ _ _ _ _ _ _ _ _ _ _ _ _ _ _ _ _ _ _ _ _ _ _ _ _ _ _ _ _ _ _ _ _ _ _ _ _ _ _ _ _ _ _ _ _ _ _ _ _ _ _ _ _ _ _ _ _ _ _ _ _ _ _ _ _ _ _ _ _ _ _ _ _ _ _ _ _ _ _ _ _ _ _ _ _\npages\\add_review_on_product_page.py:29: in click_first_product_view_button\n    self.driver.find_element(*self.FIRST_PRODUCT_VIEW_BUTTON).click()\n..\\Capstone_p2\\.venv\\lib\\site-packages\\selenium\\webdriver\\remote\\webelement.py:119: in click\n    self._execute(Command.CLICK_ELEMENT)\n..\\Capstone_p2\\.venv\\lib\\site-packages\\selenium\\webdriver\\remote\\webelement.py:570: in _execute\n    return self._parent.execute(command, params)\n..\\Capstone_p2\\.venv\\lib\\site-packages\\selenium\\webdriver\\remote\\webdriver.py:429: in execute\n    self.error_handler.check_response(response)\n_ _ _ _ _ _ _ _ _ _ _ _ _ _ _ _ _ _ _ _ _ _ _ _ _ _ _ _ _ _ _ _ _ _ _ _ _ _ _ _ _ _ _ _ _ _ _ _ _ _ _ _ _ _ _ _ _ _ _ _ _ _ _ _ _ _ _ _ _ _ _ _ _ _ _ _ _ _ _ _ _ _ _ _ _ _ _ _ _ _\n\nself = &amp;lt;selenium.webdriver.remote.errorhandler.ErrorHandler object at 0x0000020D9E825730&amp;gt;\nresponse = {&amp;#x27;status&amp;#x27;: 400, &amp;#x27;value&amp;#x27;: &amp;#x27;{&amp;quot;value&amp;quot;:{&amp;quot;error&amp;quot;:&amp;quot;element click intercepted&amp;quot;,&amp;quot;message&amp;quot;:&amp;quot;element click intercepted: Element ...07FF733968B69]\\\\n\\\\tBaseThreadInitThunk [0x00007FFDC63BE8D7+23]\\\\n\\\\tRtlUserThreadStart [0x00007FFDC69BFBCC+44]\\\\n&amp;quot;}}&amp;#x27;}\n\n    def check_response(self, response: Dict[str, Any]) -&amp;gt; None:\n        &amp;quot;&amp;quot;&amp;quot;Checks that a JSON response from the WebDriver does not have an\n        error.\n    \n        :Args:\n         - response - The JSON response from the WebDriver server as a dictionary\n           object.\n    \n        :Raises: If the response contains an error message.\n        &amp;quot;&amp;quot;&amp;quot;\n        status = response.get(&amp;quot;status&amp;quot;, None)\n        if not status or status == ErrorCode.SUCCESS:\n            return\n        value = None\n        message = response.get(&amp;quot;message&amp;quot;, &amp;quot;&amp;quot;)\n        screen: str = response.get(&amp;quot;screen&amp;quot;, &amp;quot;&amp;quot;)\n        stacktrace = None\n        if isinstance(status, int):\n            value_json = response.get(&amp;quot;value&amp;quot;, None)\n            if value_json and isinstance(value_json, str):\n                import json\n    \n                try:\n                    value = json.loads(value_json)\n                    if len(value) == 1:\n                        value = value[&amp;quot;value&amp;quot;]\n                    status = value.get(&amp;quot;error&amp;quot;, None)\n                    if not status:\n                        status = value.get(&amp;quot;status&amp;quot;, ErrorCode.UNKNOWN_ERROR)\n                        message = value.get(&amp;quot;value&amp;quot;) or value.get(&amp;quot;message&amp;quot;)\n                        if not isinstance(message, str):\n                            value = message\n                            message = message.get(&amp;quot;message&amp;quot;)\n                    else:\n                        message = value.get(&amp;quot;message&amp;quot;, None)\n                except ValueError:\n                    pass\n    \n        exception_class: Type[WebDriverException]\n        e = ErrorCode()\n        error_codes = [item for item in dir(e) if not item.startswith(&amp;quot;__&amp;quot;)]\n        for error_code in error_codes:\n            error_info = getattr(ErrorCode, error_code)\n            if isinstance(error_info, list) and status in error_info:\n                exception_class = getattr(ExceptionMapping, error_code, WebDriverException)\n                break\n        else:\n            exception_class = WebDriverException\n    \n        if not value:\n            value = response[&amp;quot;value&amp;quot;]\n        if isinstance(value, str):\n            raise exception_class(value)\n        if message == &amp;quot;&amp;quot; and &amp;quot;message&amp;quot; in value:\n            message = value[&amp;quot;message&amp;quot;]\n    \n        screen = None  # type: ignore[assignment]\n        if &amp;quot;screen&amp;quot; in value:\n            screen = value[&amp;quot;screen&amp;quot;]\n    \n        stacktrace = None\n        st_value = value.get(&amp;quot;stackTrace&amp;quot;) or value.get(&amp;quot;stacktrace&amp;quot;)\n        if st_value:\n            if isinstance(st_value, str):\n                stacktrace = st_value.split(&amp;quot;\\n&amp;quot;)\n            else:\n                stacktrace = []\n                try:\n                    for frame in st_value:\n                        line = frame.get(&amp;quot;lineNumber&amp;quot;, &amp;quot;&amp;quot;)\n                        file = frame.get(&amp;quot;fileName&amp;quot;, &amp;quot;&amp;lt;anonymous&amp;gt;&amp;quot;)\n                        if line:\n                            file = f&amp;quot;{file}:{line}&amp;quot;\n                        meth = frame.get(&amp;quot;methodName&amp;quot;, &amp;quot;&amp;lt;anonymous&amp;gt;&amp;quot;)\n                        if &amp;quot;className&amp;quot; in frame:\n                            meth = f&amp;quot;{frame[&amp;#x27;className&amp;#x27;]}.{meth}&amp;quot;\n                        msg = &amp;quot;    at %s (%s)&amp;quot;\n                        msg = msg % (meth, file)\n                        stacktrace.append(msg)\n                except TypeError:\n                    pass\n        if exception_class == UnexpectedAlertPresentException:\n            alert_text = None\n            if &amp;quot;data&amp;quot; in value:\n                alert_text = value[&amp;quot;data&amp;quot;].get(&amp;quot;text&amp;quot;)\n            elif &amp;quot;alert&amp;quot; in value:\n                alert_text = value[&amp;quot;alert&amp;quot;].get(&amp;quot;text&amp;quot;)\n            raise exception_class(message, screen, stacktrace, alert_text)  # type: ignore[call-arg]  # mypy is not smart enough here\n&amp;gt;       raise exception_class(message, screen, stacktrace)\nE       selenium.common.exceptions.ElementClickInterceptedException: Message: element click intercepted: Element &amp;lt;a href=&amp;quot;/product_details/1&amp;quot; style=&amp;quot;color: brown;&amp;quot;&amp;gt;...&amp;lt;/a&amp;gt; is not clickable at point (625, 659). Other element would receive the click: &amp;lt;iframe id=&amp;quot;aswift_1&amp;quot; name=&amp;quot;aswift_1&amp;quot; browsingtopics=&amp;quot;true&amp;quot; style=&amp;quot;width: 980px !important; height: 120px !important; display: block; margin: 0px auto;&amp;quot; sandbox=&amp;quot;allow-forms allow-popups allow-popups-to-escape-sandbox allow-same-origin allow-scripts allow-top-navigation-by-user-activation&amp;quot; width=&amp;quot;980&amp;quot; height=&amp;quot;120&amp;quot; frameborder=&amp;quot;0&amp;quot; marginwidth=&amp;quot;0&amp;quot; marginheight=&amp;quot;0&amp;quot; vspace=&amp;quot;0&amp;quot; hspace=&amp;quot;0&amp;quot; allowtransparency=&amp;quot;true&amp;quot; scrolling=&amp;quot;no&amp;quot; allow=&amp;quot;attribution-reporting; run-ad-auction&amp;quot; src=&amp;quot;https://googleads.g.doubleclick.net/pagead/html/r20250127/r20190131/zrt_lookup_fy2021.html#RS-0-&amp;amp;amp;adk=1812271801&amp;amp;amp;client=ca-pub-1677597403311019&amp;amp;amp;fa=1&amp;amp;amp;ifi=2&amp;amp;amp;uci=a!2&amp;amp;amp;btvi=1&amp;quot; data-google-container-id=&amp;quot;a!2&amp;quot; tabindex=&amp;quot;0&amp;quot; title=&amp;quot;Advertisement&amp;quot; aria-label=&amp;quot;Advertisement&amp;quot; data-google-query-id=&amp;quot;CNmR_rK3m4sDFRaQrAIdeo0vaA&amp;quot; data-load-complete=&amp;quot;true&amp;quot;&amp;gt;&amp;lt;/iframe&amp;gt;\nE         (Session info: chrome=132.0.6834.112)\nE       Stacktrace:\nE       \tGetHandleVerifier [0x00007FF733A102F5+28725]\nE       \t(No symbol) [0x00007FF733972AE0]\nE       \t(No symbol) [0x00007FF73380510A]\nE       \t(No symbol) [0x00007FF7338610F8]\nE       \t(No symbol) [0x00007FF73385EB42]\nE       \t(No symbol) [0x00007FF73385BC51]\nE       \t(No symbol) [0x00007FF73385ABB1]\nE       \t(No symbol) [0x00007FF73384C6B4]\nE       \t(No symbol) [0x00007FF73387FFAA]\nE       \t(No symbol) [0x00007FF73384BF86]\nE       \t(No symbol) [0x00007FF7338801C0]\nE       \t(No symbol) [0x00007FF7338A0181]\nE       \t(No symbol) [0x00007FF73387FD53]\nE       \t(No symbol) [0x00007FF73384A0E3]\nE       \t(No symbol) [0x00007FF73384B471]\nE       \tGetHandleVerifier [0x00007FF733D3F30D+3366989]\nE       \tGetHandleVerifier [0x00007FF733D512F0+3440688]\nE       \tGetHandleVerifier [0x00007FF733D478FD+3401277]\nE       \tGetHandleVerifier [0x00007FF733ADAAAB+858091]\nE       \t(No symbol) [0x00007FF73397E74F]\nE       \t(No symbol) [0x00007FF73397A304]\nE       \t(No symbol) [0x00007FF73397A49D]\nE       \t(No symbol) [0x00007FF733968B69]\nE       \tBaseThreadInitThunk [0x00007FFDC63BE8D7+23]\nE       \tRtlUserThreadStart [0x00007FFDC69BFBCC+44]\n\n..\\Capstone_p2\\.venv\\lib\\site-packages\\selenium\\webdriver\\remote\\errorhandler.py:232: ElementClickInterceptedException\n\n----------------------------- Captured stdout call -----------------------------\nHome page successfully loaded.\nNavigated to All Products page.\n&#34;}], &#34;tests/test_add_to_cart_from_recommendded.py::TestHomePage::test_recommended_items_in_cart[https://www.automationexercise.com/]&#34;: [{&#34;extras&#34;: [], &#34;result&#34;: &#34;Passed&#34;, &#34;testId&#34;: &#34;tests/test_add_to_cart_from_recommendded.py::TestHomePage::test_recommended_items_in_cart[https://www.automationexercise.com/]&#34;, &#34;duration&#34;: &#34;00:00:17&#34;, &#34;resultsTableRow&#34;: [&#34;&lt;td class=\&#34;col-result\&#34;&gt;Passed&lt;/td&gt;&#34;, &#34;&lt;td class=\&#34;col-testId\&#34;&gt;tests/test_add_to_cart_from_recommendded.py::TestHomePage::test_recommended_items_in_cart[https://www.automationexercise.com/]&lt;/td&gt;&#34;, &#34;&lt;td class=\&#34;col-duration\&#34;&gt;00:00:17&lt;/td&gt;&#34;, &#34;&lt;td class=\&#34;col-links\&#34;&gt;&lt;/td&gt;&#34;], &#34;log&#34;: &#34;----------------------------- Captured stdout call -----------------------------\nHome page successfully loaded.\n&amp;#x27;Recommended Items&amp;#x27; section is visible.\nFirst recommended item added to cart.\nClicked on &amp;#x27;View Cart&amp;#x27; button.\nProduct is visible in the cart.\nScreenshot saved at: screenshots\\add_to_cart_recommendded_20250129_224604.png\nScreenshot taken: screenshots\\add_to_cart_recommendded_20250129_224604.png\nTest Case 22: for adding recommended product to cart passed.\n&#34;}], &#34;tests/test_contact_us.py::TestContactUsForm::test_contact_us_form&#34;: [{&#34;extras&#34;: [], &#34;result&#34;: &#34;Failed&#34;, &#34;testId&#34;: &#34;tests/test_contact_us.py::TestContactUsForm::test_contact_us_form&#34;, &#34;duration&#34;: &#34;00:00:28&#34;, &#34;resultsTableRow&#34;: [&#34;&lt;td class=\&#34;col-result\&#34;&gt;Failed&lt;/td&gt;&#34;, &#34;&lt;td class=\&#34;col-testId\&#34;&gt;tests/test_contact_us.py::TestContactUsForm::test_contact_us_form&lt;/td&gt;&#34;, &#34;&lt;td class=\&#34;col-duration\&#34;&gt;00:00:28&lt;/td&gt;&#34;, &#34;&lt;td class=\&#34;col-links\&#34;&gt;&lt;/td&gt;&#34;], &#34;log&#34;: &#34;self = &amp;lt;test_contact_us.TestContactUsForm object at 0x0000020D9E79A610&amp;gt;\n\n    def test_contact_us_form(self):\n        contact_us_page = ContactUsPage(self.driver)\n    \n    \n        contact_us_page.visit(Config.BASE_URL)\n    \n        assert &amp;quot;Automation Exercise&amp;quot; in self.driver.title, &amp;quot;Home page title does not match.&amp;quot;\n    \n        contact_us_page.click(ContactUsPage.CONTACT_US_BUTTON)\n    \n        WebDriverWait(self.driver, 20).until(\n            EC.presence_of_element_located(ContactUsPage.GET_IN_TOUCH_TEXT)\n        )\n        assert contact_us_page.find_web_element(ContactUsPage.GET_IN_TOUCH_TEXT), (\n            &amp;quot;&amp;#x27;GET IN TOUCH&amp;#x27; text is not visible.&amp;quot;\n        )\n    \n&amp;gt;       contact_us_page.fill_contact_form(\n            name=&amp;quot;Vaishnavi&amp;quot;,\n            email=&amp;quot;vaishnavi@gmail.com&amp;quot;,\n            subject=&amp;quot;test&amp;quot;,\n            message=&amp;quot;test&amp;quot;,\n            file_path=&amp;quot;C://Users//asus//PycharmProjects//Capstone_project//file.txt&amp;quot;,\n        )\n\ntests\\test_contact_us.py:32: \n_ _ _ _ _ _ _ _ _ _ _ _ _ _ _ _ _ _ _ _ _ _ _ _ _ _ _ _ _ _ _ _ _ _ _ _ _ _ _ _ _ _ _ _ _ _ _ _ _ _ _ _ _ _ _ _ _ _ _ _ _ _ _ _ _ _ _ _ _ _ _ _ _ _ _ _ _ _ _ _ _ _ _ _ _ _ _ _ _ _\npages\\contact_us_page.py:27: in fill_contact_form\n    self.click(self.SUBMIT_BUTTON)\npages\\base_page.py:31: in click\n    element.click()\n..\\Capstone_p2\\.venv\\lib\\site-packages\\selenium\\webdriver\\remote\\webelement.py:119: in click\n    self._execute(Command.CLICK_ELEMENT)\n..\\Capstone_p2\\.venv\\lib\\site-packages\\selenium\\webdriver\\remote\\webelement.py:570: in _execute\n    return self._parent.execute(command, params)\n..\\Capstone_p2\\.venv\\lib\\site-packages\\selenium\\webdriver\\remote\\webdriver.py:429: in execute\n    self.error_handler.check_response(response)\n_ _ _ _ _ _ _ _ _ _ _ _ _ _ _ _ _ _ _ _ _ _ _ _ _ _ _ _ _ _ _ _ _ _ _ _ _ _ _ _ _ _ _ _ _ _ _ _ _ _ _ _ _ _ _ _ _ _ _ _ _ _ _ _ _ _ _ _ _ _ _ _ _ _ _ _ _ _ _ _ _ _ _ _ _ _ _ _ _ _\n\nself = &amp;lt;selenium.webdriver.remote.errorhandler.ErrorHandler object at 0x0000020D9E9259D0&amp;gt;\nresponse = {&amp;#x27;status&amp;#x27;: 400, &amp;#x27;value&amp;#x27;: &amp;#x27;{&amp;quot;value&amp;quot;:{&amp;quot;error&amp;quot;:&amp;quot;element click intercepted&amp;quot;,&amp;quot;message&amp;quot;:&amp;quot;element click intercepted: Element ...07FF733968B69]\\\\n\\\\tBaseThreadInitThunk [0x00007FFDC63BE8D7+23]\\\\n\\\\tRtlUserThreadStart [0x00007FFDC69BFBCC+44]\\\\n&amp;quot;}}&amp;#x27;}\n\n    def check_response(self, response: Dict[str, Any]) -&amp;gt; None:\n        &amp;quot;&amp;quot;&amp;quot;Checks that a JSON response from the WebDriver does not have an\n        error.\n    \n        :Args:\n         - response - The JSON response from the WebDriver server as a dictionary\n           object.\n    \n        :Raises: If the response contains an error message.\n        &amp;quot;&amp;quot;&amp;quot;\n        status = response.get(&amp;quot;status&amp;quot;, None)\n        if not status or status == ErrorCode.SUCCESS:\n            return\n        value = None\n        message = response.get(&amp;quot;message&amp;quot;, &amp;quot;&amp;quot;)\n        screen: str = response.get(&amp;quot;screen&amp;quot;, &amp;quot;&amp;quot;)\n        stacktrace = None\n        if isinstance(status, int):\n            value_json = response.get(&amp;quot;value&amp;quot;, None)\n            if value_json and isinstance(value_json, str):\n                import json\n    \n                try:\n                    value = json.loads(value_json)\n                    if len(value) == 1:\n                        value = value[&amp;quot;value&amp;quot;]\n                    status = value.get(&amp;quot;error&amp;quot;, None)\n                    if not status:\n                        status = value.get(&amp;quot;status&amp;quot;, ErrorCode.UNKNOWN_ERROR)\n                        message = value.get(&amp;quot;value&amp;quot;) or value.get(&amp;quot;message&amp;quot;)\n                        if not isinstance(message, str):\n                            value = message\n                            message = message.get(&amp;quot;message&amp;quot;)\n                    else:\n                        message = value.get(&amp;quot;message&amp;quot;, None)\n                except ValueError:\n                    pass\n    \n        exception_class: Type[WebDriverException]\n        e = ErrorCode()\n        error_codes = [item for item in dir(e) if not item.startswith(&amp;quot;__&amp;quot;)]\n        for error_code in error_codes:\n            error_info = getattr(ErrorCode, error_code)\n            if isinstance(error_info, list) and status in error_info:\n                exception_class = getattr(ExceptionMapping, error_code, WebDriverException)\n                break\n        else:\n            exception_class = WebDriverException\n    \n        if not value:\n            value = response[&amp;quot;value&amp;quot;]\n        if isinstance(value, str):\n            raise exception_class(value)\n        if message == &amp;quot;&amp;quot; and &amp;quot;message&amp;quot; in value:\n            message = value[&amp;quot;message&amp;quot;]\n    \n        screen = None  # type: ignore[assignment]\n        if &amp;quot;screen&amp;quot; in value:\n            screen = value[&amp;quot;screen&amp;quot;]\n    \n        stacktrace = None\n        st_value = value.get(&amp;quot;stackTrace&amp;quot;) or value.get(&amp;quot;stacktrace&amp;quot;)\n        if st_value:\n            if isinstance(st_value, str):\n                stacktrace = st_value.split(&amp;quot;\\n&amp;quot;)\n            else:\n                stacktrace = []\n                try:\n                    for frame in st_value:\n                        line = frame.get(&amp;quot;lineNumber&amp;quot;, &amp;quot;&amp;quot;)\n                        file = frame.get(&amp;quot;fileName&amp;quot;, &amp;quot;&amp;lt;anonymous&amp;gt;&amp;quot;)\n                        if line:\n                            file = f&amp;quot;{file}:{line}&amp;quot;\n                        meth = frame.get(&amp;quot;methodName&amp;quot;, &amp;quot;&amp;lt;anonymous&amp;gt;&amp;quot;)\n                        if &amp;quot;className&amp;quot; in frame:\n                            meth = f&amp;quot;{frame[&amp;#x27;className&amp;#x27;]}.{meth}&amp;quot;\n                        msg = &amp;quot;    at %s (%s)&amp;quot;\n                        msg = msg % (meth, file)\n                        stacktrace.append(msg)\n                except TypeError:\n                    pass\n        if exception_class == UnexpectedAlertPresentException:\n            alert_text = None\n            if &amp;quot;data&amp;quot; in value:\n                alert_text = value[&amp;quot;data&amp;quot;].get(&amp;quot;text&amp;quot;)\n            elif &amp;quot;alert&amp;quot; in value:\n                alert_text = value[&amp;quot;alert&amp;quot;].get(&amp;quot;text&amp;quot;)\n            raise exception_class(message, screen, stacktrace, alert_text)  # type: ignore[call-arg]  # mypy is not smart enough here\n&amp;gt;       raise exception_class(message, screen, stacktrace)\nE       selenium.common.exceptions.ElementClickInterceptedException: Message: element click intercepted: Element &amp;lt;input type=&amp;quot;submit&amp;quot; data-qa=&amp;quot;submit-button&amp;quot; name=&amp;quot;submit&amp;quot; class=&amp;quot;btn btn-primary pull-left submit_form&amp;quot; value=&amp;quot;Submit&amp;quot;&amp;gt; is not clickable at point (237, 553). Other element would receive the click: &amp;lt;div class=&amp;quot;grippy-host&amp;quot;&amp;gt;&amp;lt;/div&amp;gt;\nE         (Session info: chrome=132.0.6834.112)\nE       Stacktrace:\nE       \tGetHandleVerifier [0x00007FF733A102F5+28725]\nE       \t(No symbol) [0x00007FF733972AE0]\nE       \t(No symbol) [0x00007FF73380510A]\nE       \t(No symbol) [0x00007FF7338610F8]\nE       \t(No symbol) [0x00007FF73385EB42]\nE       \t(No symbol) [0x00007FF73385BC51]\nE       \t(No symbol) [0x00007FF73385ABB1]\nE       \t(No symbol) [0x00007FF73384C6B4]\nE       \t(No symbol) [0x00007FF73387FFAA]\nE       \t(No symbol) [0x00007FF73384BF86]\nE       \t(No symbol) [0x00007FF7338801C0]\nE       \t(No symbol) [0x00007FF7338A0181]\nE       \t(No symbol) [0x00007FF73387FD53]\nE       \t(No symbol) [0x00007FF73384A0E3]\nE       \t(No symbol) [0x00007FF73384B471]\nE       \tGetHandleVerifier [0x00007FF733D3F30D+3366989]\nE       \tGetHandleVerifier [0x00007FF733D512F0+3440688]\nE       \tGetHandleVerifier [0x00007FF733D478FD+3401277]\nE       \tGetHandleVerifier [0x00007FF733ADAAAB+858091]\nE       \t(No symbol) [0x00007FF73397E74F]\nE       \t(No symbol) [0x00007FF73397A304]\nE       \t(No symbol) [0x00007FF73397A49D]\nE       \t(No symbol) [0x00007FF733968B69]\nE       \tBaseThreadInitThunk [0x00007FFDC63BE8D7+23]\nE       \tRtlUserThreadStart [0x00007FFDC69BFBCC+44]\n\n..\\Capstone_p2\\.venv\\lib\\site-packages\\selenium\\webdriver\\remote\\errorhandler.py:232: ElementClickInterceptedException\n&#34;}], &#34;tests/test_download_invoice.py::TestDownloadInvoiceFlow::test_place_order_register_checkout&#34;: [{&#34;extras&#34;: [], &#34;result&#34;: &#34;Failed&#34;, &#34;testId&#34;: &#34;tests/test_download_invoice.py::TestDownloadInvoiceFlow::test_place_order_register_checkout&#34;, &#34;duration&#34;: &#34;00:00:13&#34;, &#34;resultsTableRow&#34;: [&#34;&lt;td class=\&#34;col-result\&#34;&gt;Failed&lt;/td&gt;&#34;, &#34;&lt;td class=\&#34;col-testId\&#34;&gt;tests/test_download_invoice.py::TestDownloadInvoiceFlow::test_place_order_register_checkout&lt;/td&gt;&#34;, &#34;&lt;td class=\&#34;col-duration\&#34;&gt;00:00:13&lt;/td&gt;&#34;, &#34;&lt;td class=\&#34;col-links\&#34;&gt;&lt;/td&gt;&#34;], &#34;log&#34;: &#34;self = &amp;lt;test_download_invoice.TestDownloadInvoiceFlow object at 0x0000020D9E79A1F0&amp;gt;\n\n    def test_place_order_register_checkout(self):\n        page = DownloadInvoice(self.driver)\n        scroll_helper = ScrollHelper(self.driver)\n        page.visit(Config.BASE_URL)\n        assert &amp;quot;Automation Exercise&amp;quot; in self.driver.title, &amp;quot;Home page title does not match.&amp;quot;\n        page.click_products_button()\n    \n        page.driver.execute_script(&amp;quot;window.scrollBy(0, 400)&amp;quot;)\n    \n&amp;gt;       page.add_to_cart()\n\ntests\\test_download_invoice.py:23: \n_ _ _ _ _ _ _ _ _ _ _ _ _ _ _ _ _ _ _ _ _ _ _ _ _ _ _ _ _ _ _ _ _ _ _ _ _ _ _ _ _ _ _ _ _ _ _ _ _ _ _ _ _ _ _ _ _ _ _ _ _ _ _ _ _ _ _ _ _ _ _ _ _ _ _ _ _ _ _ _ _ _ _ _ _ _ _ _ _ _\npages\\download_invoice_after_purchase_page.py:62: in add_to_cart\n    self.click(self.ADD_TO_CART_BUTTON)\npages\\base_page.py:31: in click\n    element.click()\n..\\Capstone_p2\\.venv\\lib\\site-packages\\selenium\\webdriver\\remote\\webelement.py:119: in click\n    self._execute(Command.CLICK_ELEMENT)\n..\\Capstone_p2\\.venv\\lib\\site-packages\\selenium\\webdriver\\remote\\webelement.py:570: in _execute\n    return self._parent.execute(command, params)\n..\\Capstone_p2\\.venv\\lib\\site-packages\\selenium\\webdriver\\remote\\webdriver.py:429: in execute\n    self.error_handler.check_response(response)\n_ _ _ _ _ _ _ _ _ _ _ _ _ _ _ _ _ _ _ _ _ _ _ _ _ _ _ _ _ _ _ _ _ _ _ _ _ _ _ _ _ _ _ _ _ _ _ _ _ _ _ _ _ _ _ _ _ _ _ _ _ _ _ _ _ _ _ _ _ _ _ _ _ _ _ _ _ _ _ _ _ _ _ _ _ _ _ _ _ _\n\nself = &amp;lt;selenium.webdriver.remote.errorhandler.ErrorHandler object at 0x0000020D9E94CF70&amp;gt;\nresponse = {&amp;#x27;status&amp;#x27;: 400, &amp;#x27;value&amp;#x27;: &amp;#x27;{&amp;quot;value&amp;quot;:{&amp;quot;error&amp;quot;:&amp;quot;element click intercepted&amp;quot;,&amp;quot;message&amp;quot;:&amp;quot;element click intercepted: Element ...07FF733968B69]\\\\n\\\\tBaseThreadInitThunk [0x00007FFDC63BE8D7+23]\\\\n\\\\tRtlUserThreadStart [0x00007FFDC69BFBCC+44]\\\\n&amp;quot;}}&amp;#x27;}\n\n    def check_response(self, response: Dict[str, Any]) -&amp;gt; None:\n        &amp;quot;&amp;quot;&amp;quot;Checks that a JSON response from the WebDriver does not have an\n        error.\n    \n        :Args:\n         - response - The JSON response from the WebDriver server as a dictionary\n           object.\n    \n        :Raises: If the response contains an error message.\n        &amp;quot;&amp;quot;&amp;quot;\n        status = response.get(&amp;quot;status&amp;quot;, None)\n        if not status or status == ErrorCode.SUCCESS:\n            return\n        value = None\n        message = response.get(&amp;quot;message&amp;quot;, &amp;quot;&amp;quot;)\n        screen: str = response.get(&amp;quot;screen&amp;quot;, &amp;quot;&amp;quot;)\n        stacktrace = None\n        if isinstance(status, int):\n            value_json = response.get(&amp;quot;value&amp;quot;, None)\n            if value_json and isinstance(value_json, str):\n                import json\n    \n                try:\n                    value = json.loads(value_json)\n                    if len(value) == 1:\n                        value = value[&amp;quot;value&amp;quot;]\n                    status = value.get(&amp;quot;error&amp;quot;, None)\n                    if not status:\n                        status = value.get(&amp;quot;status&amp;quot;, ErrorCode.UNKNOWN_ERROR)\n                        message = value.get(&amp;quot;value&amp;quot;) or value.get(&amp;quot;message&amp;quot;)\n                        if not isinstance(message, str):\n                            value = message\n                            message = message.get(&amp;quot;message&amp;quot;)\n                    else:\n                        message = value.get(&amp;quot;message&amp;quot;, None)\n                except ValueError:\n                    pass\n    \n        exception_class: Type[WebDriverException]\n        e = ErrorCode()\n        error_codes = [item for item in dir(e) if not item.startswith(&amp;quot;__&amp;quot;)]\n        for error_code in error_codes:\n            error_info = getattr(ErrorCode, error_code)\n            if isinstance(error_info, list) and status in error_info:\n                exception_class = getattr(ExceptionMapping, error_code, WebDriverException)\n                break\n        else:\n            exception_class = WebDriverException\n    \n        if not value:\n            value = response[&amp;quot;value&amp;quot;]\n        if isinstance(value, str):\n            raise exception_class(value)\n        if message == &amp;quot;&amp;quot; and &amp;quot;message&amp;quot; in value:\n            message = value[&amp;quot;message&amp;quot;]\n    \n        screen = None  # type: ignore[assignment]\n        if &amp;quot;screen&amp;quot; in value:\n            screen = value[&amp;quot;screen&amp;quot;]\n    \n        stacktrace = None\n        st_value = value.get(&amp;quot;stackTrace&amp;quot;) or value.get(&amp;quot;stacktrace&amp;quot;)\n        if st_value:\n            if isinstance(st_value, str):\n                stacktrace = st_value.split(&amp;quot;\\n&amp;quot;)\n            else:\n                stacktrace = []\n                try:\n                    for frame in st_value:\n                        line = frame.get(&amp;quot;lineNumber&amp;quot;, &amp;quot;&amp;quot;)\n                        file = frame.get(&amp;quot;fileName&amp;quot;, &amp;quot;&amp;lt;anonymous&amp;gt;&amp;quot;)\n                        if line:\n                            file = f&amp;quot;{file}:{line}&amp;quot;\n                        meth = frame.get(&amp;quot;methodName&amp;quot;, &amp;quot;&amp;lt;anonymous&amp;gt;&amp;quot;)\n                        if &amp;quot;className&amp;quot; in frame:\n                            meth = f&amp;quot;{frame[&amp;#x27;className&amp;#x27;]}.{meth}&amp;quot;\n                        msg = &amp;quot;    at %s (%s)&amp;quot;\n                        msg = msg % (meth, file)\n                        stacktrace.append(msg)\n                except TypeError:\n                    pass\n        if exception_class == UnexpectedAlertPresentException:\n            alert_text = None\n            if &amp;quot;data&amp;quot; in value:\n                alert_text = value[&amp;quot;data&amp;quot;].get(&amp;quot;text&amp;quot;)\n            elif &amp;quot;alert&amp;quot; in value:\n                alert_text = value[&amp;quot;alert&amp;quot;].get(&amp;quot;text&amp;quot;)\n            raise exception_class(message, screen, stacktrace, alert_text)  # type: ignore[call-arg]  # mypy is not smart enough here\n&amp;gt;       raise exception_class(message, screen, stacktrace)\nE       selenium.common.exceptions.ElementClickInterceptedException: Message: element click intercepted: Element &amp;lt;a data-product-id=&amp;quot;1&amp;quot; class=&amp;quot;btn btn-default add-to-cart&amp;quot;&amp;gt;...&amp;lt;/a&amp;gt; is not clickable at point (625, 500). Other element would receive the click: &amp;lt;a data-product-id=&amp;quot;1&amp;quot; class=&amp;quot;btn btn-default add-to-cart&amp;quot;&amp;gt;...&amp;lt;/a&amp;gt;\nE         (Session info: chrome=132.0.6834.112)\nE       Stacktrace:\nE       \tGetHandleVerifier [0x00007FF733A102F5+28725]\nE       \t(No symbol) [0x00007FF733972AE0]\nE       \t(No symbol) [0x00007FF73380510A]\nE       \t(No symbol) [0x00007FF7338610F8]\nE       \t(No symbol) [0x00007FF73385EB42]\nE       \t(No symbol) [0x00007FF73385BC51]\nE       \t(No symbol) [0x00007FF73385ABB1]\nE       \t(No symbol) [0x00007FF73384CA3C]\nE       \t(No symbol) [0x00007FF73387FFAA]\nE       \t(No symbol) [0x00007FF73384BF86]\nE       \t(No symbol) [0x00007FF7338801C0]\nE       \t(No symbol) [0x00007FF7338A0181]\nE       \t(No symbol) [0x00007FF73387FD53]\nE       \t(No symbol) [0x00007FF73384A0E3]\nE       \t(No symbol) [0x00007FF73384B471]\nE       \tGetHandleVerifier [0x00007FF733D3F30D+3366989]\nE       \tGetHandleVerifier [0x00007FF733D512F0+3440688]\nE       \tGetHandleVerifier [0x00007FF733D478FD+3401277]\nE       \tGetHandleVerifier [0x00007FF733ADAAAB+858091]\nE       \t(No symbol) [0x00007FF73397E74F]\nE       \t(No symbol) [0x00007FF73397A304]\nE       \t(No symbol) [0x00007FF73397A49D]\nE       \t(No symbol) [0x00007FF733968B69]\nE       \tBaseThreadInitThunk [0x00007FFDC63BE8D7+23]\nE       \tRtlUserThreadStart [0x00007FFDC69BFBCC+44]\n\n..\\Capstone_p2\\.venv\\lib\\site-packages\\selenium\\webdriver\\remote\\errorhandler.py:232: ElementClickInterceptedException\n&#34;}], &#34;tests/test_existing_user_signup.py::TestRegisterExistingEmail::test_register_with_existing_email&#34;: [{&#34;extras&#34;: [], &#34;result&#34;: &#34;Passed&#34;, &#34;testId&#34;: &#34;tests/test_existing_user_signup.py::TestRegisterExistingEmail::test_register_with_existing_email&#34;, &#34;duration&#34;: &#34;00:00:15&#34;, &#34;resultsTableRow&#34;: [&#34;&lt;td class=\&#34;col-result\&#34;&gt;Passed&lt;/td&gt;&#34;, &#34;&lt;td class=\&#34;col-testId\&#34;&gt;tests/test_existing_user_signup.py::TestRegisterExistingEmail::test_register_with_existing_email&lt;/td&gt;&#34;, &#34;&lt;td class=\&#34;col-duration\&#34;&gt;00:00:15&lt;/td&gt;&#34;, &#34;&lt;td class=\&#34;col-links\&#34;&gt;&lt;/td&gt;&#34;], &#34;log&#34;: &#34;----------------------------- Captured stdout call -----------------------------\nSignup attempted with email: user2701@gmail.com\nSignup failed as expected: Email &amp;#x27;user2701@gmail.com&amp;#x27; already exists.\nScreenshot saved at: screenshots\\signup_error_20250129_224700.png\nScreenshot taken: screenshots\\signup_error_20250129_224700.png\n&#34;}], &#34;tests/test_login.py::TestLogin::test_login&#34;: [{&#34;extras&#34;: [], &#34;result&#34;: &#34;Passed&#34;, &#34;testId&#34;: &#34;tests/test_login.py::TestLogin::test_login&#34;, &#34;duration&#34;: &#34;00:00:16&#34;, &#34;resultsTableRow&#34;: [&#34;&lt;td class=\&#34;col-result\&#34;&gt;Passed&lt;/td&gt;&#34;, &#34;&lt;td class=\&#34;col-testId\&#34;&gt;tests/test_login.py::TestLogin::test_login&lt;/td&gt;&#34;, &#34;&lt;td class=\&#34;col-duration\&#34;&gt;00:00:16&lt;/td&gt;&#34;, &#34;&lt;td class=\&#34;col-links\&#34;&gt;&lt;/td&gt;&#34;], &#34;log&#34;: &#34;----------------------------- Captured stdout call -----------------------------\nLogin successful!\nScreenshot saved at: screenshots\\login_success_20250129_224715.png\nScreenshot taken: screenshots\\login_success_20250129_224715.png\n&#34;}], &#34;tests/test_login_with_incorrect_credintials.py::TestLoginIncorrect::test_login_with_incorrect_credentials&#34;: [{&#34;extras&#34;: [], &#34;result&#34;: &#34;Passed&#34;, &#34;testId&#34;: &#34;tests/test_login_with_incorrect_credintials.py::TestLoginIncorrect::test_login_with_incorrect_credentials&#34;, &#34;duration&#34;: &#34;00:00:14&#34;, &#34;resultsTableRow&#34;: [&#34;&lt;td class=\&#34;col-result\&#34;&gt;Passed&lt;/td&gt;&#34;, &#34;&lt;td class=\&#34;col-testId\&#34;&gt;tests/test_login_with_incorrect_credintials.py::TestLoginIncorrect::test_login_with_incorrect_credentials&lt;/td&gt;&#34;, &#34;&lt;td class=\&#34;col-duration\&#34;&gt;00:00:14&lt;/td&gt;&#34;, &#34;&lt;td class=\&#34;col-links\&#34;&gt;&lt;/td&gt;&#34;], &#34;log&#34;: &#34;----------------------------- Captured stdout call -----------------------------\nLogin attempted with provided credentials.\nLogin failed as expected: Invalid credentials.\nScreenshot saved at: screenshots\\login_error_20250129_224729.png\nScreenshot taken: screenshots\\login_error_20250129_224729.png\n&#34;}], &#34;tests/test_logout.py::TestLogout::test_logout_user&#34;: [{&#34;extras&#34;: [], &#34;result&#34;: &#34;Passed&#34;, &#34;testId&#34;: &#34;tests/test_logout.py::TestLogout::test_logout_user&#34;, &#34;duration&#34;: &#34;00:00:18&#34;, &#34;resultsTableRow&#34;: [&#34;&lt;td class=\&#34;col-result\&#34;&gt;Passed&lt;/td&gt;&#34;, &#34;&lt;td class=\&#34;col-testId\&#34;&gt;tests/test_logout.py::TestLogout::test_logout_user&lt;/td&gt;&#34;, &#34;&lt;td class=\&#34;col-duration\&#34;&gt;00:00:18&lt;/td&gt;&#34;, &#34;&lt;td class=\&#34;col-links\&#34;&gt;&lt;/td&gt;&#34;], &#34;log&#34;: &#34;----------------------------- Captured stdout call -----------------------------\nLogin completed...!\nLogout completed...!\nScreenshot saved at: screenshots\\logout_user_success_20250129_224747.png\nScreenshot taken: screenshots\\logout_user_success_20250129_224747.png\n&#34;}], &#34;tests/test_order_before_checkout.py::TestPlaceOrderRegisterBeforeCheckoutFlow::test_place_order_register_before_checkout&#34;: [{&#34;extras&#34;: [], &#34;result&#34;: &#34;Failed&#34;, &#34;testId&#34;: &#34;tests/test_order_before_checkout.py::TestPlaceOrderRegisterBeforeCheckoutFlow::test_place_order_register_before_checkout&#34;, &#34;duration&#34;: &#34;00:00:18&#34;, &#34;resultsTableRow&#34;: [&#34;&lt;td class=\&#34;col-result\&#34;&gt;Failed&lt;/td&gt;&#34;, &#34;&lt;td class=\&#34;col-testId\&#34;&gt;tests/test_order_before_checkout.py::TestPlaceOrderRegisterBeforeCheckoutFlow::test_place_order_register_before_checkout&lt;/td&gt;&#34;, &#34;&lt;td class=\&#34;col-duration\&#34;&gt;00:00:18&lt;/td&gt;&#34;, &#34;&lt;td class=\&#34;col-links\&#34;&gt;&lt;/td&gt;&#34;], &#34;log&#34;: &#34;self = &amp;lt;test_order_before_checkout.TestPlaceOrderRegisterBeforeCheckoutFlow object at 0x0000020D9E7CA070&amp;gt;\n\n    def test_place_order_register_before_checkout(self):\n        page = TestPlaceOrderRegisterBeforeCheckout(self.driver)\n        page.visit(Config.BASE_URL)\n    \n        assert &amp;quot;Automation Exercise&amp;quot; in self.driver.title, &amp;quot;Home page title does not match.&amp;quot;\n        page.click_signup_login()\n&amp;gt;       page.fill_signup_form(\n            name=&amp;quot;Jane Doe&amp;quot;,\n            email=&amp;quot;janedoe343@gmail.com&amp;quot;,\n            password=&amp;quot;test1234&amp;quot;,\n            day=&amp;quot;10&amp;quot;,\n            month=&amp;quot;January&amp;quot;,\n            year=&amp;quot;1995&amp;quot;,\n            first_name=&amp;quot;Jane&amp;quot;,\n            last_name=&amp;quot;Doe&amp;quot;,\n            company=&amp;quot;TestCorp&amp;quot;,\n            address1=&amp;quot;123 Testing Blvd&amp;quot;,\n            address2=&amp;quot;Suite 100&amp;quot;,\n            country=&amp;quot;United States&amp;quot;,\n            state=&amp;quot;New York&amp;quot;,\n            city=&amp;quot;New York City&amp;quot;,\n            zipcode=&amp;quot;10001&amp;quot;,\n            mobile=&amp;quot;9876543210&amp;quot;\n        )\n\n..\\Capstone_p2\\tests\\test_order_before_checkout.py:17: \n_ _ _ _ _ _ _ _ _ _ _ _ _ _ _ _ _ _ _ _ _ _ _ _ _ _ _ _ _ _ _ _ _ _ _ _ _ _ _ _ _ _ _ _ _ _ _ _ _ _ _ _ _ _ _ _ _ _ _ _ _ _ _ _ _ _ _ _ _ _ _ _ _ _ _ _ _ _ _ _ _ _ _ _ _ _ _ _ _ _\npages\\order_before_checkout_page.py:72: in fill_signup_form\n    self.click(self.SUBMIT_BUTTON)\npages\\base_page.py:31: in click\n    element.click()\n..\\Capstone_p2\\.venv\\lib\\site-packages\\selenium\\webdriver\\remote\\webelement.py:119: in click\n    self._execute(Command.CLICK_ELEMENT)\n..\\Capstone_p2\\.venv\\lib\\site-packages\\selenium\\webdriver\\remote\\webelement.py:570: in _execute\n    return self._parent.execute(command, params)\n..\\Capstone_p2\\.venv\\lib\\site-packages\\selenium\\webdriver\\remote\\webdriver.py:429: in execute\n    self.error_handler.check_response(response)\n_ _ _ _ _ _ _ _ _ _ _ _ _ _ _ _ _ _ _ _ _ _ _ _ _ _ _ _ _ _ _ _ _ _ _ _ _ _ _ _ _ _ _ _ _ _ _ _ _ _ _ _ _ _ _ _ _ _ _ _ _ _ _ _ _ _ _ _ _ _ _ _ _ _ _ _ _ _ _ _ _ _ _ _ _ _ _ _ _ _\n\nself = &amp;lt;selenium.webdriver.remote.errorhandler.ErrorHandler object at 0x0000020D9F2B4220&amp;gt;\nresponse = {&amp;#x27;status&amp;#x27;: 400, &amp;#x27;value&amp;#x27;: &amp;#x27;{&amp;quot;value&amp;quot;:{&amp;quot;error&amp;quot;:&amp;quot;element click intercepted&amp;quot;,&amp;quot;message&amp;quot;:&amp;quot;element click intercepted: Element ...07FF733968B69]\\\\n\\\\tBaseThreadInitThunk [0x00007FFDC63BE8D7+23]\\\\n\\\\tRtlUserThreadStart [0x00007FFDC69BFBCC+44]\\\\n&amp;quot;}}&amp;#x27;}\n\n    def check_response(self, response: Dict[str, Any]) -&amp;gt; None:\n        &amp;quot;&amp;quot;&amp;quot;Checks that a JSON response from the WebDriver does not have an\n        error.\n    \n        :Args:\n         - response - The JSON response from the WebDriver server as a dictionary\n           object.\n    \n        :Raises: If the response contains an error message.\n        &amp;quot;&amp;quot;&amp;quot;\n        status = response.get(&amp;quot;status&amp;quot;, None)\n        if not status or status == ErrorCode.SUCCESS:\n            return\n        value = None\n        message = response.get(&amp;quot;message&amp;quot;, &amp;quot;&amp;quot;)\n        screen: str = response.get(&amp;quot;screen&amp;quot;, &amp;quot;&amp;quot;)\n        stacktrace = None\n        if isinstance(status, int):\n            value_json = response.get(&amp;quot;value&amp;quot;, None)\n            if value_json and isinstance(value_json, str):\n                import json\n    \n                try:\n                    value = json.loads(value_json)\n                    if len(value) == 1:\n                        value = value[&amp;quot;value&amp;quot;]\n                    status = value.get(&amp;quot;error&amp;quot;, None)\n                    if not status:\n                        status = value.get(&amp;quot;status&amp;quot;, ErrorCode.UNKNOWN_ERROR)\n                        message = value.get(&amp;quot;value&amp;quot;) or value.get(&amp;quot;message&amp;quot;)\n                        if not isinstance(message, str):\n                            value = message\n                            message = message.get(&amp;quot;message&amp;quot;)\n                    else:\n                        message = value.get(&amp;quot;message&amp;quot;, None)\n                except ValueError:\n                    pass\n    \n        exception_class: Type[WebDriverException]\n        e = ErrorCode()\n        error_codes = [item for item in dir(e) if not item.startswith(&amp;quot;__&amp;quot;)]\n        for error_code in error_codes:\n            error_info = getattr(ErrorCode, error_code)\n            if isinstance(error_info, list) and status in error_info:\n                exception_class = getattr(ExceptionMapping, error_code, WebDriverException)\n                break\n        else:\n            exception_class = WebDriverException\n    \n        if not value:\n            value = response[&amp;quot;value&amp;quot;]\n        if isinstance(value, str):\n            raise exception_class(value)\n        if message == &amp;quot;&amp;quot; and &amp;quot;message&amp;quot; in value:\n            message = value[&amp;quot;message&amp;quot;]\n    \n        screen = None  # type: ignore[assignment]\n        if &amp;quot;screen&amp;quot; in value:\n            screen = value[&amp;quot;screen&amp;quot;]\n    \n        stacktrace = None\n        st_value = value.get(&amp;quot;stackTrace&amp;quot;) or value.get(&amp;quot;stacktrace&amp;quot;)\n        if st_value:\n            if isinstance(st_value, str):\n                stacktrace = st_value.split(&amp;quot;\\n&amp;quot;)\n            else:\n                stacktrace = []\n                try:\n                    for frame in st_value:\n                        line = frame.get(&amp;quot;lineNumber&amp;quot;, &amp;quot;&amp;quot;)\n                        file = frame.get(&amp;quot;fileName&amp;quot;, &amp;quot;&amp;lt;anonymous&amp;gt;&amp;quot;)\n                        if line:\n                            file = f&amp;quot;{file}:{line}&amp;quot;\n                        meth = frame.get(&amp;quot;methodName&amp;quot;, &amp;quot;&amp;lt;anonymous&amp;gt;&amp;quot;)\n                        if &amp;quot;className&amp;quot; in frame:\n                            meth = f&amp;quot;{frame[&amp;#x27;className&amp;#x27;]}.{meth}&amp;quot;\n                        msg = &amp;quot;    at %s (%s)&amp;quot;\n                        msg = msg % (meth, file)\n                        stacktrace.append(msg)\n                except TypeError:\n                    pass\n        if exception_class == UnexpectedAlertPresentException:\n            alert_text = None\n            if &amp;quot;data&amp;quot; in value:\n                alert_text = value[&amp;quot;data&amp;quot;].get(&amp;quot;text&amp;quot;)\n            elif &amp;quot;alert&amp;quot; in value:\n                alert_text = value[&amp;quot;alert&amp;quot;].get(&amp;quot;text&amp;quot;)\n            raise exception_class(message, screen, stacktrace, alert_text)  # type: ignore[call-arg]  # mypy is not smart enough here\n&amp;gt;       raise exception_class(message, screen, stacktrace)\nE       selenium.common.exceptions.ElementClickInterceptedException: Message: element click intercepted: Element &amp;lt;button type=&amp;quot;submit&amp;quot; data-qa=&amp;quot;create-account&amp;quot; class=&amp;quot;btn btn-default&amp;quot;&amp;gt;...&amp;lt;/button&amp;gt; is not clickable at point (359, 662). Other element would receive the click: &amp;lt;iframe id=&amp;quot;aswift_1&amp;quot; name=&amp;quot;aswift_1&amp;quot; browsingtopics=&amp;quot;true&amp;quot; style=&amp;quot;width: 1005px !important; height: 124px !important; display: block; margin: 0px auto;&amp;quot; sandbox=&amp;quot;allow-forms allow-popups allow-popups-to-escape-sandbox allow-same-origin allow-scripts allow-top-navigation-by-user-activation&amp;quot; width=&amp;quot;1005&amp;quot; height=&amp;quot;124&amp;quot; frameborder=&amp;quot;0&amp;quot; marginwidth=&amp;quot;0&amp;quot; marginheight=&amp;quot;0&amp;quot; vspace=&amp;quot;0&amp;quot; hspace=&amp;quot;0&amp;quot; allowtransparency=&amp;quot;true&amp;quot; scrolling=&amp;quot;no&amp;quot; allow=&amp;quot;attribution-reporting; run-ad-auction&amp;quot; src=&amp;quot;https://googleads.g.doubleclick.net/pagead/html/r20250127/r20190131/zrt_lookup_fy2021.html#RS-0-&amp;amp;amp;adk=1812271801&amp;amp;amp;client=ca-pub-1677597403311019&amp;amp;amp;fa=1&amp;amp;amp;ifi=2&amp;amp;amp;uci=a!2&amp;amp;amp;btvi=1&amp;quot; data-google-container-id=&amp;quot;a!2&amp;quot; tabindex=&amp;quot;0&amp;quot; title=&amp;quot;Advertisement&amp;quot; aria-label=&amp;quot;Advertisement&amp;quot; data-google-query-id=&amp;quot;CNia7fO3m4sDFcyKrAIdkq0XhQ&amp;quot; data-load-complete=&amp;quot;true&amp;quot;&amp;gt;&amp;lt;/iframe&amp;gt;\nE         (Session info: chrome=132.0.6834.112)\nE       Stacktrace:\nE       \tGetHandleVerifier [0x00007FF733A102F5+28725]\nE       \t(No symbol) [0x00007FF733972AE0]\nE       \t(No symbol) [0x00007FF73380510A]\nE       \t(No symbol) [0x00007FF7338610F8]\nE       \t(No symbol) [0x00007FF73385EB42]\nE       \t(No symbol) [0x00007FF73385BC51]\nE       \t(No symbol) [0x00007FF73385ABB1]\nE       \t(No symbol) [0x00007FF73384C6B4]\nE       \t(No symbol) [0x00007FF73387FFAA]\nE       \t(No symbol) [0x00007FF73384BF86]\nE       \t(No symbol) [0x00007FF7338801C0]\nE       \t(No symbol) [0x00007FF7338A0181]\nE       \t(No symbol) [0x00007FF73387FD53]\nE       \t(No symbol) [0x00007FF73384A0E3]\nE       \t(No symbol) [0x00007FF73384B471]\nE       \tGetHandleVerifier [0x00007FF733D3F30D+3366989]\nE       \tGetHandleVerifier [0x00007FF733D512F0+3440688]\nE       \tGetHandleVerifier [0x00007FF733D478FD+3401277]\nE       \tGetHandleVerifier [0x00007FF733ADAAAB+858091]\nE       \t(No symbol) [0x00007FF73397E74F]\nE       \t(No symbol) [0x00007FF73397A304]\nE       \t(No symbol) [0x00007FF73397A49D]\nE       \t(No symbol) [0x00007FF733968B69]\nE       \tBaseThreadInitThunk [0x00007FFDC63BE8D7+23]\nE       \tRtlUserThreadStart [0x00007FFDC69BFBCC+44]\n\n..\\Capstone_p2\\.venv\\lib\\site-packages\\selenium\\webdriver\\remote\\errorhandler.py:232: ElementClickInterceptedException\n&#34;}], &#34;tests/test_order_page.py::TestPlaceOrderRegisterCheckoutFlow::test_place_order_register_checkout&#34;: [{&#34;extras&#34;: [], &#34;result&#34;: &#34;Failed&#34;, &#34;testId&#34;: &#34;tests/test_order_page.py::TestPlaceOrderRegisterCheckoutFlow::test_place_order_register_checkout&#34;, &#34;duration&#34;: &#34;00:00:30&#34;, &#34;resultsTableRow&#34;: [&#34;&lt;td class=\&#34;col-result\&#34;&gt;Failed&lt;/td&gt;&#34;, &#34;&lt;td class=\&#34;col-testId\&#34;&gt;tests/test_order_page.py::TestPlaceOrderRegisterCheckoutFlow::test_place_order_register_checkout&lt;/td&gt;&#34;, &#34;&lt;td class=\&#34;col-duration\&#34;&gt;00:00:30&lt;/td&gt;&#34;, &#34;&lt;td class=\&#34;col-links\&#34;&gt;&lt;/td&gt;&#34;], &#34;log&#34;: &#34;self = &amp;lt;test_order_page.TestPlaceOrderRegisterCheckoutFlow object at 0x0000020D9E7CAC70&amp;gt;\n\n    def test_place_order_register_checkout(self):\n        page = TestPlaceOrderRegisterCheckout(self.driver)\n        scroll_helper = ScrollHelper(self.driver)\n        page.visit(Config.BASE_URL)\n        assert &amp;quot;Automation Exercise&amp;quot; in self.driver.title, &amp;quot;Home page title does not match.&amp;quot;\n        page.click_products_button()\n    \n        page.add_to_cart()\n        WebDriverWait(self.driver, 10).until(EC.element_to_be_clickable(page.VIEW_CART_BUTTON)).click()\n        page.proceed_to_checkout()\n        page.click_register_login()\n        page.fill_signup_details(\n            name=&amp;quot;Alex peter&amp;quot;,\n            email=&amp;quot;alexp123@gmail.com&amp;quot;,\n            password=&amp;quot;alex123&amp;quot;,\n            day=&amp;quot;15&amp;quot;,\n            month=&amp;quot;June&amp;quot;,\n            year=&amp;quot;1990&amp;quot;,\n            first_name=&amp;quot;John&amp;quot;,\n            last_name=&amp;quot;Doe&amp;quot;,\n            company=&amp;quot;Example Inc.&amp;quot;,\n            address1=&amp;quot;123 Elm Street&amp;quot;,\n            address2=&amp;quot;Apt 456&amp;quot;,\n            country=&amp;quot;United States&amp;quot;,\n            state=&amp;quot;California&amp;quot;,\n            city=&amp;quot;Los Angeles&amp;quot;,\n            zipcode=&amp;quot;90001&amp;quot;,\n            mobile=&amp;quot;1234567890&amp;quot;\n        )\n        assert page.verify_account_created(), &amp;quot;Account creation failed.&amp;quot;\n        print(&amp;quot;Account Created...!&amp;quot;)\n        page.click_continue_button()\n    \n        assert page.verify_login_username(), &amp;quot;User login verification failed.&amp;quot;\n        page.verify_cart_button()\n        page.click_proceed_to_checkout_again()\n    \n&amp;gt;       page.place_order()\n\ntests\\test_order_page.py:49: \n_ _ _ _ _ _ _ _ _ _ _ _ _ _ _ _ _ _ _ _ _ _ _ _ _ _ _ _ _ _ _ _ _ _ _ _ _ _ _ _ _ _ _ _ _ _ _ _ _ _ _ _ _ _ _ _ _ _ _ _ _ _ _ _ _ _ _ _ _ _ _ _ _ _ _ _ _ _ _ _ _ _ _ _ _ _ _ _ _ _\npages\\order_page.py:113: in place_order\n    self.click(self.PLACE_ORDER_BUTTON)\npages\\base_page.py:31: in click\n    element.click()\n..\\Capstone_p2\\.venv\\lib\\site-packages\\selenium\\webdriver\\remote\\webelement.py:119: in click\n    self._execute(Command.CLICK_ELEMENT)\n..\\Capstone_p2\\.venv\\lib\\site-packages\\selenium\\webdriver\\remote\\webelement.py:570: in _execute\n    return self._parent.execute(command, params)\n..\\Capstone_p2\\.venv\\lib\\site-packages\\selenium\\webdriver\\remote\\webdriver.py:429: in execute\n    self.error_handler.check_response(response)\n_ _ _ _ _ _ _ _ _ _ _ _ _ _ _ _ _ _ _ _ _ _ _ _ _ _ _ _ _ _ _ _ _ _ _ _ _ _ _ _ _ _ _ _ _ _ _ _ _ _ _ _ _ _ _ _ _ _ _ _ _ _ _ _ _ _ _ _ _ _ _ _ _ _ _ _ _ _ _ _ _ _ _ _ _ _ _ _ _ _\n\nself = &amp;lt;selenium.webdriver.remote.errorhandler.ErrorHandler object at 0x0000020D9F24B340&amp;gt;\nresponse = {&amp;#x27;status&amp;#x27;: 400, &amp;#x27;value&amp;#x27;: &amp;#x27;{&amp;quot;value&amp;quot;:{&amp;quot;error&amp;quot;:&amp;quot;element click intercepted&amp;quot;,&amp;quot;message&amp;quot;:&amp;quot;element click intercepted: Element ...07FF733968B69]\\\\n\\\\tBaseThreadInitThunk [0x00007FFDC63BE8D7+23]\\\\n\\\\tRtlUserThreadStart [0x00007FFDC69BFBCC+44]\\\\n&amp;quot;}}&amp;#x27;}\n\n    def check_response(self, response: Dict[str, Any]) -&amp;gt; None:\n        &amp;quot;&amp;quot;&amp;quot;Checks that a JSON response from the WebDriver does not have an\n        error.\n    \n        :Args:\n         - response - The JSON response from the WebDriver server as a dictionary\n           object.\n    \n        :Raises: If the response contains an error message.\n        &amp;quot;&amp;quot;&amp;quot;\n        status = response.get(&amp;quot;status&amp;quot;, None)\n        if not status or status == ErrorCode.SUCCESS:\n            return\n        value = None\n        message = response.get(&amp;quot;message&amp;quot;, &amp;quot;&amp;quot;)\n        screen: str = response.get(&amp;quot;screen&amp;quot;, &amp;quot;&amp;quot;)\n        stacktrace = None\n        if isinstance(status, int):\n            value_json = response.get(&amp;quot;value&amp;quot;, None)\n            if value_json and isinstance(value_json, str):\n                import json\n    \n                try:\n                    value = json.loads(value_json)\n                    if len(value) == 1:\n                        value = value[&amp;quot;value&amp;quot;]\n                    status = value.get(&amp;quot;error&amp;quot;, None)\n                    if not status:\n                        status = value.get(&amp;quot;status&amp;quot;, ErrorCode.UNKNOWN_ERROR)\n                        message = value.get(&amp;quot;value&amp;quot;) or value.get(&amp;quot;message&amp;quot;)\n                        if not isinstance(message, str):\n                            value = message\n                            message = message.get(&amp;quot;message&amp;quot;)\n                    else:\n                        message = value.get(&amp;quot;message&amp;quot;, None)\n                except ValueError:\n                    pass\n    \n        exception_class: Type[WebDriverException]\n        e = ErrorCode()\n        error_codes = [item for item in dir(e) if not item.startswith(&amp;quot;__&amp;quot;)]\n        for error_code in error_codes:\n            error_info = getattr(ErrorCode, error_code)\n            if isinstance(error_info, list) and status in error_info:\n                exception_class = getattr(ExceptionMapping, error_code, WebDriverException)\n                break\n        else:\n            exception_class = WebDriverException\n    \n        if not value:\n            value = response[&amp;quot;value&amp;quot;]\n        if isinstance(value, str):\n            raise exception_class(value)\n        if message == &amp;quot;&amp;quot; and &amp;quot;message&amp;quot; in value:\n            message = value[&amp;quot;message&amp;quot;]\n    \n        screen = None  # type: ignore[assignment]\n        if &amp;quot;screen&amp;quot; in value:\n            screen = value[&amp;quot;screen&amp;quot;]\n    \n        stacktrace = None\n        st_value = value.get(&amp;quot;stackTrace&amp;quot;) or value.get(&amp;quot;stacktrace&amp;quot;)\n        if st_value:\n            if isinstance(st_value, str):\n                stacktrace = st_value.split(&amp;quot;\\n&amp;quot;)\n            else:\n                stacktrace = []\n                try:\n                    for frame in st_value:\n                        line = frame.get(&amp;quot;lineNumber&amp;quot;, &amp;quot;&amp;quot;)\n                        file = frame.get(&amp;quot;fileName&amp;quot;, &amp;quot;&amp;lt;anonymous&amp;gt;&amp;quot;)\n                        if line:\n                            file = f&amp;quot;{file}:{line}&amp;quot;\n                        meth = frame.get(&amp;quot;methodName&amp;quot;, &amp;quot;&amp;lt;anonymous&amp;gt;&amp;quot;)\n                        if &amp;quot;className&amp;quot; in frame:\n                            meth = f&amp;quot;{frame[&amp;#x27;className&amp;#x27;]}.{meth}&amp;quot;\n                        msg = &amp;quot;    at %s (%s)&amp;quot;\n                        msg = msg % (meth, file)\n                        stacktrace.append(msg)\n                except TypeError:\n                    pass\n        if exception_class == UnexpectedAlertPresentException:\n            alert_text = None\n            if &amp;quot;data&amp;quot; in value:\n                alert_text = value[&amp;quot;data&amp;quot;].get(&amp;quot;text&amp;quot;)\n            elif &amp;quot;alert&amp;quot; in value:\n                alert_text = value[&amp;quot;alert&amp;quot;].get(&amp;quot;text&amp;quot;)\n            raise exception_class(message, screen, stacktrace, alert_text)  # type: ignore[call-arg]  # mypy is not smart enough here\n&amp;gt;       raise exception_class(message, screen, stacktrace)\nE       selenium.common.exceptions.ElementClickInterceptedException: Message: element click intercepted: Element &amp;lt;a href=&amp;quot;/payment&amp;quot; class=&amp;quot;btn btn-default check_out&amp;quot;&amp;gt;...&amp;lt;/a&amp;gt; is not clickable at point (1211, 663). Other element would receive the click: &amp;lt;div id=&amp;quot;aswift_1_host&amp;quot; style=&amp;quot;border: none !important; height: 90px !important; width: 100% !important; margin: 0px !important; padding: 0px !important; position: relative !important; visibility: visible !important; background-color: transparent !important; display: inline-block !important; inset: auto !important; clear: none !important; float: none !important; max-height: none !important; max-width: none !important; opacity: 1 !important; overflow: visible !important; vertical-align: baseline !important; z-index: auto !important;&amp;quot;&amp;gt;...&amp;lt;/div&amp;gt;\nE         (Session info: chrome=132.0.6834.112)\nE       Stacktrace:\nE       \tGetHandleVerifier [0x00007FF733A102F5+28725]\nE       \t(No symbol) [0x00007FF733972AE0]\nE       \t(No symbol) [0x00007FF73380510A]\nE       \t(No symbol) [0x00007FF7338610F8]\nE       \t(No symbol) [0x00007FF73385EB42]\nE       \t(No symbol) [0x00007FF73385BC51]\nE       \t(No symbol) [0x00007FF73385ABB1]\nE       \t(No symbol) [0x00007FF73384C6B4]\nE       \t(No symbol) [0x00007FF73387FFAA]\nE       \t(No symbol) [0x00007FF73384BF86]\nE       \t(No symbol) [0x00007FF7338801C0]\nE       \t(No symbol) [0x00007FF7338A0181]\nE       \t(No symbol) [0x00007FF73387FD53]\nE       \t(No symbol) [0x00007FF73384A0E3]\nE       \t(No symbol) [0x00007FF73384B471]\nE       \tGetHandleVerifier [0x00007FF733D3F30D+3366989]\nE       \tGetHandleVerifier [0x00007FF733D512F0+3440688]\nE       \tGetHandleVerifier [0x00007FF733D478FD+3401277]\nE       \tGetHandleVerifier [0x00007FF733ADAAAB+858091]\nE       \t(No symbol) [0x00007FF73397E74F]\nE       \t(No symbol) [0x00007FF73397A304]\nE       \t(No symbol) [0x00007FF73397A49D]\nE       \t(No symbol) [0x00007FF733968B69]\nE       \tBaseThreadInitThunk [0x00007FFDC63BE8D7+23]\nE       \tRtlUserThreadStart [0x00007FFDC69BFBCC+44]\n\n..\\Capstone_p2\\.venv\\lib\\site-packages\\selenium\\webdriver\\remote\\errorhandler.py:232: ElementClickInterceptedException\n\n----------------------------- Captured stdout call -----------------------------\nAccount Created...!\n&#34;}], &#34;tests/test_product_quantity.py::TestVerifyProductQuantityInCart::test_product_quantity_in_cart[https://www.automationexercise.com/]&#34;: [{&#34;extras&#34;: [], &#34;result&#34;: &#34;Passed&#34;, &#34;testId&#34;: &#34;tests/test_product_quantity.py::TestVerifyProductQuantityInCart::test_product_quantity_in_cart[https://www.automationexercise.com/]&#34;, &#34;duration&#34;: &#34;00:00:24&#34;, &#34;resultsTableRow&#34;: [&#34;&lt;td class=\&#34;col-result\&#34;&gt;Passed&lt;/td&gt;&#34;, &#34;&lt;td class=\&#34;col-testId\&#34;&gt;tests/test_product_quantity.py::TestVerifyProductQuantityInCart::test_product_quantity_in_cart[https://www.automationexercise.com/]&lt;/td&gt;&#34;, &#34;&lt;td class=\&#34;col-duration\&#34;&gt;00:00:24&lt;/td&gt;&#34;, &#34;&lt;td class=\&#34;col-links\&#34;&gt;&lt;/td&gt;&#34;], &#34;log&#34;: &#34;----------------------------- Captured stdout call -----------------------------\nHome page is successfully loaded.\nNavigated to Product Detail page.\nProduct detail page is visible.\nIncreased product quantity to 4.\nProduct added to the cart.\nNavigated to View Cart page.\nProduct quantity in the cart is correctly set to 4.\nScreenshot saved at: screenshots\\incersing_product_quantity_20250129_224859.png\nScreenshot taken: screenshots\\incersing_product_quantity_20250129_224859.png\nTest for product quantity in cart passed.\n&#34;}], &#34;tests/test_products_page.py::TestProductsPage::test_verify_all_products_and_product_details[https://www.automationexercise.com/]&#34;: [{&#34;extras&#34;: [], &#34;result&#34;: &#34;Passed&#34;, &#34;testId&#34;: &#34;tests/test_products_page.py::TestProductsPage::test_verify_all_products_and_product_details[https://www.automationexercise.com/]&#34;, &#34;duration&#34;: &#34;00:00:15&#34;, &#34;resultsTableRow&#34;: [&#34;&lt;td class=\&#34;col-result\&#34;&gt;Passed&lt;/td&gt;&#34;, &#34;&lt;td class=\&#34;col-testId\&#34;&gt;tests/test_products_page.py::TestProductsPage::test_verify_all_products_and_product_details[https://www.automationexercise.com/]&lt;/td&gt;&#34;, &#34;&lt;td class=\&#34;col-duration\&#34;&gt;00:00:15&lt;/td&gt;&#34;, &#34;&lt;td class=\&#34;col-links\&#34;&gt;&lt;/td&gt;&#34;], &#34;log&#34;: &#34;----------------------------- Captured stdout call -----------------------------\nHome page is successfully loaded.\nNavigated to All Products page.\nAll Products page is successfully loaded.\nNumber of products visible: 34\nProducts list is visible.\nClicked on &amp;#x27;View Product&amp;#x27; for the first product.\nNavigated to product detail page.\nProduct Name visible: True\nCategory visible: True\nPrice visible: True\nAvailability visible: True\nCondition visible: True\nBrand visible: True\nProduct details are successfully verified.\nScreenshot saved at: screenshots\\product_details_20250129_224915.png\nScreenshot taken: screenshots\\product_details_20250129_224915.png\nTest for All Products and Product Details page passed.\n&#34;}], &#34;tests/test_remove_product_from_cart.py::TestRemoveProductFromCart::test_remove_product_from_cart&#34;: [{&#34;extras&#34;: [], &#34;result&#34;: &#34;Passed&#34;, &#34;testId&#34;: &#34;tests/test_remove_product_from_cart.py::TestRemoveProductFromCart::test_remove_product_from_cart&#34;, &#34;duration&#34;: &#34;00:00:16&#34;, &#34;resultsTableRow&#34;: [&#34;&lt;td class=\&#34;col-result\&#34;&gt;Passed&lt;/td&gt;&#34;, &#34;&lt;td class=\&#34;col-testId\&#34;&gt;tests/test_remove_product_from_cart.py::TestRemoveProductFromCart::test_remove_product_from_cart&lt;/td&gt;&#34;, &#34;&lt;td class=\&#34;col-duration\&#34;&gt;00:00:16&lt;/td&gt;&#34;, &#34;&lt;td class=\&#34;col-links\&#34;&gt;&lt;/td&gt;&#34;], &#34;log&#34;: &#34;----------------------------- Captured stdout call -----------------------------\nScreenshot saved at: screenshots\\CartEmptyAfterProductRemoval_20250129_224931.png\nScreenshot saved at: screenshots\\CartEmptyAfterProductRemoval_20250129_224931.png\nTest Case 17: Remove Product from Cart - Passed!\n&#34;}], &#34;tests/test_scroll_up_down_using_arrow.py::TestHomePage::test_scroll_and_verify&#34;: [{&#34;extras&#34;: [], &#34;result&#34;: &#34;Passed&#34;, &#34;testId&#34;: &#34;tests/test_scroll_up_down_using_arrow.py::TestHomePage::test_scroll_and_verify&#34;, &#34;duration&#34;: &#34;00:00:09&#34;, &#34;resultsTableRow&#34;: [&#34;&lt;td class=\&#34;col-result\&#34;&gt;Passed&lt;/td&gt;&#34;, &#34;&lt;td class=\&#34;col-testId\&#34;&gt;tests/test_scroll_up_down_using_arrow.py::TestHomePage::test_scroll_and_verify&lt;/td&gt;&#34;, &#34;&lt;td class=\&#34;col-duration\&#34;&gt;00:00:09&lt;/td&gt;&#34;, &#34;&lt;td class=\&#34;col-links\&#34;&gt;&lt;/td&gt;&#34;], &#34;log&#34;: &#34;----------------------------- Captured stdout call -----------------------------\nHome page successfully loaded.\nScrolled to the bottom of the page.\n&amp;#x27;SUBSCRIPTION&amp;#x27; section is visible.\nClicked on the scroll-up arrow.\nScreenshot saved at: screenshots\\ScrollUpDownUsingArrow_20250129_224940.png\nScreenshot saved at: screenshots\\ScrollUpDownUsingArrow_20250129_224940.png\n&amp;#x27;Full-Fledged practice website for Automation Engineers&amp;#x27; is visible.\nTest passed 25: Page scrolled and elements verified successfully.\n&#34;}], &#34;tests/test_scroll_up_down_without_arrow.py::TestScrollWithoutArrow::test_scroll_up_without_arrow_and_down&#34;: [{&#34;extras&#34;: [], &#34;result&#34;: &#34;Passed&#34;, &#34;testId&#34;: &#34;tests/test_scroll_up_down_without_arrow.py::TestScrollWithoutArrow::test_scroll_up_without_arrow_and_down&#34;, &#34;duration&#34;: &#34;00:00:10&#34;, &#34;resultsTableRow&#34;: [&#34;&lt;td class=\&#34;col-result\&#34;&gt;Passed&lt;/td&gt;&#34;, &#34;&lt;td class=\&#34;col-testId\&#34;&gt;tests/test_scroll_up_down_without_arrow.py::TestScrollWithoutArrow::test_scroll_up_without_arrow_and_down&lt;/td&gt;&#34;, &#34;&lt;td class=\&#34;col-duration\&#34;&gt;00:00:10&lt;/td&gt;&#34;, &#34;&lt;td class=\&#34;col-links\&#34;&gt;&lt;/td&gt;&#34;], &#34;log&#34;: &#34;----------------------------- Captured stdout call -----------------------------\nHome page successfully loaded.\nScrolled to the bottom of the page.\n&amp;#x27;SUBSCRIPTION&amp;#x27; section is visible.\nScrolled up to the top of the page.\n&amp;#x27;Full-Fledged practice website for Automation Engineers&amp;#x27; text is visible.\nScreenshot saved at: screenshots\\ScrollWithoutArrowFunctionality_20250129_224950.png\nScreenshot saved at: screenshots\\ScrollWithoutArrowFunctionality_20250129_224950.png\nTest passed 26 : Page scrolled down and up successfully without using the arrow button.\n&#34;}], &#34;tests/test_search_product.py::TestSearchProduct::test_search_product[https://www.automationexercise.com/-Blue Top]&#34;: [{&#34;extras&#34;: [], &#34;result&#34;: &#34;Passed&#34;, &#34;testId&#34;: &#34;tests/test_search_product.py::TestSearchProduct::test_search_product[https://www.automationexercise.com/-Blue Top]&#34;, &#34;duration&#34;: &#34;00:00:14&#34;, &#34;resultsTableRow&#34;: [&#34;&lt;td class=\&#34;col-result\&#34;&gt;Passed&lt;/td&gt;&#34;, &#34;&lt;td class=\&#34;col-testId\&#34;&gt;tests/test_search_product.py::TestSearchProduct::test_search_product[https://www.automationexercise.com/-Blue Top]&lt;/td&gt;&#34;, &#34;&lt;td class=\&#34;col-duration\&#34;&gt;00:00:14&lt;/td&gt;&#34;, &#34;&lt;td class=\&#34;col-links\&#34;&gt;&lt;/td&gt;&#34;], &#34;log&#34;: &#34;----------------------------- Captured stdout call -----------------------------\nHome page is successfully loaded.\nNavigated to Products page.\nVerified All Products page is visible.\nSearch for product &amp;#x27;Blue Top&amp;#x27; performed.\nScrolled to the first product &amp;#x27;Blue Top&amp;#x27; to center.\n&amp;#x27;Searched Products&amp;#x27; is visible.\nNumber of products found for &amp;#x27;Blue Top&amp;#x27;: 1\nScreenshot saved at: screenshots\\searched_products_Blue_Top_20250129_225004.png\nScreenshot of searched products taken: screenshots\\searched_products_Blue_Top_20250129_225004.png\n&#34;}], &#34;tests/test_search_product_and_verify_cart.py::TestSearchCart::test_search_cart[https://www.automationexercise.com/-Blue Top-user2701@gmail.com-user2701]&#34;: [{&#34;extras&#34;: [], &#34;result&#34;: &#34;Passed&#34;, &#34;testId&#34;: &#34;tests/test_search_product_and_verify_cart.py::TestSearchCart::test_search_cart[https://www.automationexercise.com/-Blue Top-user2701@gmail.com-user2701]&#34;, &#34;duration&#34;: &#34;00:00:26&#34;, &#34;resultsTableRow&#34;: [&#34;&lt;td class=\&#34;col-result\&#34;&gt;Passed&lt;/td&gt;&#34;, &#34;&lt;td class=\&#34;col-testId\&#34;&gt;tests/test_search_product_and_verify_cart.py::TestSearchCart::test_search_cart[https://www.automationexercise.com/-Blue Top-user2701@gmail.com-user2701]&lt;/td&gt;&#34;, &#34;&lt;td class=\&#34;col-duration\&#34;&gt;00:00:26&lt;/td&gt;&#34;, &#34;&lt;td class=\&#34;col-links\&#34;&gt;&lt;/td&gt;&#34;], &#34;log&#34;: &#34;----------------------------- Captured stdout call -----------------------------\nHome page loaded successfully.\nNavigated to Products page.\nSearched for &amp;#x27;Blue Top&amp;#x27; successfully.\nError adding product to cart: Message: element click intercepted: Element &amp;lt;a data-product-id=&amp;quot;1&amp;quot; class=&amp;quot;btn btn-default add-to-cart&amp;quot;&amp;gt;...&amp;lt;/a&amp;gt; is not clickable at point (625, 16). Other element would receive the click: &amp;lt;a data-product-id=&amp;quot;1&amp;quot; class=&amp;quot;btn btn-default add-to-cart&amp;quot;&amp;gt;...&amp;lt;/a&amp;gt;\n  (Session info: chrome=132.0.6834.112)\nStacktrace:\n\tGetHandleVerifier [0x00007FF733A102F5+28725]\n\t(No symbol) [0x00007FF733972AE0]\n\t(No symbol) [0x00007FF73380510A]\n\t(No symbol) [0x00007FF7338610F8]\n\t(No symbol) [0x00007FF73385EB42]\n\t(No symbol) [0x00007FF73385BC51]\n\t(No symbol) [0x00007FF73385ABB1]\n\t(No symbol) [0x00007FF73384C6B4]\n\t(No symbol) [0x00007FF73387FFAA]\n\t(No symbol) [0x00007FF73384BF86]\n\t(No symbol) [0x00007FF7338801C0]\n\t(No symbol) [0x00007FF7338A0181]\n\t(No symbol) [0x00007FF73387FD53]\n\t(No symbol) [0x00007FF73384A0E3]\n\t(No symbol) [0x00007FF73384B471]\n\tGetHandleVerifier [0x00007FF733D3F30D+3366989]\n\tGetHandleVerifier [0x00007FF733D512F0+3440688]\n\tGetHandleVerifier [0x00007FF733D478FD+3401277]\n\tGetHandleVerifier [0x00007FF733ADAAAB+858091]\n\t(No symbol) [0x00007FF73397E74F]\n\t(No symbol) [0x00007FF73397A304]\n\t(No symbol) [0x00007FF73397A49D]\n\t(No symbol) [0x00007FF733968B69]\n\tBaseThreadInitThunk [0x00007FFDC63BE8D7+23]\n\tRtlUserThreadStart [0x00007FFDC69BFBCC+44]\n\nAdded a product to the cart.\nAll products added to the cart successfully.\nLogged in successfully.\nRemoved a product from the cart.\nNo products found in the cart to remove.\nVerified cart is empty.\nScreenshot saved at: screenshots\\CartEmptyAfterSerchRemoval_20250129_225030.png\nScreenshot saved: screenshots\\CartEmptyAfterSerchRemoval_20250129_225030.png\nTest Case 20 : Serch and verify product in cart done..\n&#34;}], &#34;tests/test_subcription_in_cart.py::TestSubscription::test_verify_subscription_in_cart[https://www.automationexercise.com/]&#34;: [{&#34;extras&#34;: [], &#34;result&#34;: &#34;Passed&#34;, &#34;testId&#34;: &#34;tests/test_subcription_in_cart.py::TestSubscription::test_verify_subscription_in_cart[https://www.automationexercise.com/]&#34;, &#34;duration&#34;: &#34;00:00:11&#34;, &#34;resultsTableRow&#34;: [&#34;&lt;td class=\&#34;col-result\&#34;&gt;Passed&lt;/td&gt;&#34;, &#34;&lt;td class=\&#34;col-testId\&#34;&gt;tests/test_subcription_in_cart.py::TestSubscription::test_verify_subscription_in_cart[https://www.automationexercise.com/]&lt;/td&gt;&#34;, &#34;&lt;td class=\&#34;col-duration\&#34;&gt;00:00:11&lt;/td&gt;&#34;, &#34;&lt;td class=\&#34;col-links\&#34;&gt;&lt;/td&gt;&#34;], &#34;log&#34;: &#34;----------------------------- Captured stdout call -----------------------------\nHome page is successfully loaded.\nClicked on Cart button.\nSubscription section is visible.\nEmail entered and Subscribe button clicked.\nScreenshot saved at: screenshots\\subscription_success_in_cart_20250129_225040.png\nScreenshot taken: screenshots\\subscription_success_in_cart_20250129_225040.png\nTest for subscription functionality passed.\n&#34;}], &#34;tests/test_subscription_page.py::TestSubscription::test_verify_subscription[https://www.automationexercise.com/]&#34;: [{&#34;extras&#34;: [], &#34;result&#34;: &#34;Passed&#34;, &#34;testId&#34;: &#34;tests/test_subscription_page.py::TestSubscription::test_verify_subscription[https://www.automationexercise.com/]&#34;, &#34;duration&#34;: &#34;00:00:09&#34;, &#34;resultsTableRow&#34;: [&#34;&lt;td class=\&#34;col-result\&#34;&gt;Passed&lt;/td&gt;&#34;, &#34;&lt;td class=\&#34;col-testId\&#34;&gt;tests/test_subscription_page.py::TestSubscription::test_verify_subscription[https://www.automationexercise.com/]&lt;/td&gt;&#34;, &#34;&lt;td class=\&#34;col-duration\&#34;&gt;00:00:09&lt;/td&gt;&#34;, &#34;&lt;td class=\&#34;col-links\&#34;&gt;&lt;/td&gt;&#34;], &#34;log&#34;: &#34;----------------------------- Captured stdout call -----------------------------\nHome page is successfully loaded.\nScrolled to footer.\nSubscription section is visible.\nEmail entered and Subscribe button clicked.\nScreenshot saved at: screenshots\\subscription_done_20250129_225049.png\nScreenshot taken after checking success message: screenshots\\subscription_done_20250129_225049.png\n&#34;}], &#34;tests/test_test_cases_page.py::TestTestCasesPage::test_verify_test_cases_page[https://www.automationexercise.com/]&#34;: [{&#34;extras&#34;: [], &#34;result&#34;: &#34;Passed&#34;, &#34;testId&#34;: &#34;tests/test_test_cases_page.py::TestTestCasesPage::test_verify_test_cases_page[https://www.automationexercise.com/]&#34;, &#34;duration&#34;: &#34;00:00:13&#34;, &#34;resultsTableRow&#34;: [&#34;&lt;td class=\&#34;col-result\&#34;&gt;Passed&lt;/td&gt;&#34;, &#34;&lt;td class=\&#34;col-testId\&#34;&gt;tests/test_test_cases_page.py::TestTestCasesPage::test_verify_test_cases_page[https://www.automationexercise.com/]&lt;/td&gt;&#34;, &#34;&lt;td class=\&#34;col-duration\&#34;&gt;00:00:13&lt;/td&gt;&#34;, &#34;&lt;td class=\&#34;col-links\&#34;&gt;&lt;/td&gt;&#34;], &#34;log&#34;: &#34;----------------------------- Captured stdout call -----------------------------\nHome page is successfully loaded.\nClicked on &amp;#x27;Test Cases&amp;#x27; button.\nHeader Text: TEST CASES\nScreenshot saved at: screenshots\\test_cases_page_20250129_225102.png\nScreenshot taken: screenshots\\test_cases_page_20250129_225102.png\nTest for Test Cases page passed.\n&#34;}], &#34;tests/test_verify_address_details_in_checkout.py::TestPlaceOrderRegisterBeforeCheckoutFlow::test_place_order_register_before_checkout&#34;: [{&#34;extras&#34;: [], &#34;result&#34;: &#34;Passed&#34;, &#34;testId&#34;: &#34;tests/test_verify_address_details_in_checkout.py::TestPlaceOrderRegisterBeforeCheckoutFlow::test_place_order_register_before_checkout&#34;, &#34;duration&#34;: &#34;00:00:29&#34;, &#34;resultsTableRow&#34;: [&#34;&lt;td class=\&#34;col-result\&#34;&gt;Passed&lt;/td&gt;&#34;, &#34;&lt;td class=\&#34;col-testId\&#34;&gt;tests/test_verify_address_details_in_checkout.py::TestPlaceOrderRegisterBeforeCheckoutFlow::test_place_order_register_before_checkout&lt;/td&gt;&#34;, &#34;&lt;td class=\&#34;col-duration\&#34;&gt;00:00:29&lt;/td&gt;&#34;, &#34;&lt;td class=\&#34;col-links\&#34;&gt;&lt;/td&gt;&#34;], &#34;log&#34;: &#34;----------------------------- Captured stdout call -----------------------------\nScreenshot saved at: screenshots\\VerifyAdressBeforeCheckout_20250129_225127.png\nScreenshot saved: screenshots\\VerifyAdressBeforeCheckout_20250129_225127.png\nTest Case 23: Place Order: Verify Address Before Checkout - Passed!\n&#34;}], &#34;tests/test_view_brand_product.py::TestBrandProducts::test_view_brand_products&#34;: [{&#34;extras&#34;: [], &#34;result&#34;: &#34;Failed&#34;, &#34;testId&#34;: &#34;tests/test_view_brand_product.py::TestBrandProducts::test_view_brand_products&#34;, &#34;duration&#34;: &#34;00:00:10&#34;, &#34;resultsTableRow&#34;: [&#34;&lt;td class=\&#34;col-result\&#34;&gt;Failed&lt;/td&gt;&#34;, &#34;&lt;td class=\&#34;col-testId\&#34;&gt;tests/test_view_brand_product.py::TestBrandProducts::test_view_brand_products&lt;/td&gt;&#34;, &#34;&lt;td class=\&#34;col-duration\&#34;&gt;00:00:10&lt;/td&gt;&#34;, &#34;&lt;td class=\&#34;col-links\&#34;&gt;&lt;/td&gt;&#34;], &#34;log&#34;: &#34;self = &amp;lt;test_view_brand_product.TestBrandProducts object at 0x0000020D9E803880&amp;gt;\n\n    def test_view_brand_products(self):\n        brand_page = BrandPage(self.driver)\n    \n        self.driver.get(Config.BASE_URL)\n        self.driver.maximize_window()\n    \n        assert brand_page.verify_brands_visible(), &amp;quot;Brands are not visible in the left sidebar.&amp;quot;\n    \n&amp;gt;       brand_page.click_brand_1()\n\ntests\\test_view_brand_product.py:19: \n_ _ _ _ _ _ _ _ _ _ _ _ _ _ _ _ _ _ _ _ _ _ _ _ _ _ _ _ _ _ _ _ _ _ _ _ _ _ _ _ _ _ _ _ _ _ _ _ _ _ _ _ _ _ _ _ _ _ _ _ _ _ _ _ _ _ _ _ _ _ _ _ _ _ _ _ _ _ _ _ _ _ _ _ _ _ _ _ _ _\npages\\view_brand_products_page.py:19: in click_brand_1\n    self.click(self.BRAND_1_LINK)\npages\\base_page.py:31: in click\n    element.click()\n..\\Capstone_p2\\.venv\\lib\\site-packages\\selenium\\webdriver\\remote\\webelement.py:119: in click\n    self._execute(Command.CLICK_ELEMENT)\n..\\Capstone_p2\\.venv\\lib\\site-packages\\selenium\\webdriver\\remote\\webelement.py:570: in _execute\n    return self._parent.execute(command, params)\n..\\Capstone_p2\\.venv\\lib\\site-packages\\selenium\\webdriver\\remote\\webdriver.py:429: in execute\n    self.error_handler.check_response(response)\n_ _ _ _ _ _ _ _ _ _ _ _ _ _ _ _ _ _ _ _ _ _ _ _ _ _ _ _ _ _ _ _ _ _ _ _ _ _ _ _ _ _ _ _ _ _ _ _ _ _ _ _ _ _ _ _ _ _ _ _ _ _ _ _ _ _ _ _ _ _ _ _ _ _ _ _ _ _ _ _ _ _ _ _ _ _ _ _ _ _\n\nself = &amp;lt;selenium.webdriver.remote.errorhandler.ErrorHandler object at 0x0000020D9F1E11F0&amp;gt;\nresponse = {&amp;#x27;status&amp;#x27;: 400, &amp;#x27;value&amp;#x27;: &amp;#x27;{&amp;quot;value&amp;quot;:{&amp;quot;error&amp;quot;:&amp;quot;element click intercepted&amp;quot;,&amp;quot;message&amp;quot;:&amp;quot;element click intercepted: Element ...07FF733968B69]\\\\n\\\\tBaseThreadInitThunk [0x00007FFDC63BE8D7+23]\\\\n\\\\tRtlUserThreadStart [0x00007FFDC69BFBCC+44]\\\\n&amp;quot;}}&amp;#x27;}\n\n    def check_response(self, response: Dict[str, Any]) -&amp;gt; None:\n        &amp;quot;&amp;quot;&amp;quot;Checks that a JSON response from the WebDriver does not have an\n        error.\n    \n        :Args:\n         - response - The JSON response from the WebDriver server as a dictionary\n           object.\n    \n        :Raises: If the response contains an error message.\n        &amp;quot;&amp;quot;&amp;quot;\n        status = response.get(&amp;quot;status&amp;quot;, None)\n        if not status or status == ErrorCode.SUCCESS:\n            return\n        value = None\n        message = response.get(&amp;quot;message&amp;quot;, &amp;quot;&amp;quot;)\n        screen: str = response.get(&amp;quot;screen&amp;quot;, &amp;quot;&amp;quot;)\n        stacktrace = None\n        if isinstance(status, int):\n            value_json = response.get(&amp;quot;value&amp;quot;, None)\n            if value_json and isinstance(value_json, str):\n                import json\n    \n                try:\n                    value = json.loads(value_json)\n                    if len(value) == 1:\n                        value = value[&amp;quot;value&amp;quot;]\n                    status = value.get(&amp;quot;error&amp;quot;, None)\n                    if not status:\n                        status = value.get(&amp;quot;status&amp;quot;, ErrorCode.UNKNOWN_ERROR)\n                        message = value.get(&amp;quot;value&amp;quot;) or value.get(&amp;quot;message&amp;quot;)\n                        if not isinstance(message, str):\n                            value = message\n                            message = message.get(&amp;quot;message&amp;quot;)\n                    else:\n                        message = value.get(&amp;quot;message&amp;quot;, None)\n                except ValueError:\n                    pass\n    \n        exception_class: Type[WebDriverException]\n        e = ErrorCode()\n        error_codes = [item for item in dir(e) if not item.startswith(&amp;quot;__&amp;quot;)]\n        for error_code in error_codes:\n            error_info = getattr(ErrorCode, error_code)\n            if isinstance(error_info, list) and status in error_info:\n                exception_class = getattr(ExceptionMapping, error_code, WebDriverException)\n                break\n        else:\n            exception_class = WebDriverException\n    \n        if not value:\n            value = response[&amp;quot;value&amp;quot;]\n        if isinstance(value, str):\n            raise exception_class(value)\n        if message == &amp;quot;&amp;quot; and &amp;quot;message&amp;quot; in value:\n            message = value[&amp;quot;message&amp;quot;]\n    \n        screen = None  # type: ignore[assignment]\n        if &amp;quot;screen&amp;quot; in value:\n            screen = value[&amp;quot;screen&amp;quot;]\n    \n        stacktrace = None\n        st_value = value.get(&amp;quot;stackTrace&amp;quot;) or value.get(&amp;quot;stacktrace&amp;quot;)\n        if st_value:\n            if isinstance(st_value, str):\n                stacktrace = st_value.split(&amp;quot;\\n&amp;quot;)\n            else:\n                stacktrace = []\n                try:\n                    for frame in st_value:\n                        line = frame.get(&amp;quot;lineNumber&amp;quot;, &amp;quot;&amp;quot;)\n                        file = frame.get(&amp;quot;fileName&amp;quot;, &amp;quot;&amp;lt;anonymous&amp;gt;&amp;quot;)\n                        if line:\n                            file = f&amp;quot;{file}:{line}&amp;quot;\n                        meth = frame.get(&amp;quot;methodName&amp;quot;, &amp;quot;&amp;lt;anonymous&amp;gt;&amp;quot;)\n                        if &amp;quot;className&amp;quot; in frame:\n                            meth = f&amp;quot;{frame[&amp;#x27;className&amp;#x27;]}.{meth}&amp;quot;\n                        msg = &amp;quot;    at %s (%s)&amp;quot;\n                        msg = msg % (meth, file)\n                        stacktrace.append(msg)\n                except TypeError:\n                    pass\n        if exception_class == UnexpectedAlertPresentException:\n            alert_text = None\n            if &amp;quot;data&amp;quot; in value:\n                alert_text = value[&amp;quot;data&amp;quot;].get(&amp;quot;text&amp;quot;)\n            elif &amp;quot;alert&amp;quot; in value:\n                alert_text = value[&amp;quot;alert&amp;quot;].get(&amp;quot;text&amp;quot;)\n            raise exception_class(message, screen, stacktrace, alert_text)  # type: ignore[call-arg]  # mypy is not smart enough here\n&amp;gt;       raise exception_class(message, screen, stacktrace)\nE       selenium.common.exceptions.ElementClickInterceptedException: Message: element click intercepted: Element &amp;lt;a href=&amp;quot;/brand_products/Polo&amp;quot;&amp;gt;...&amp;lt;/a&amp;gt; is not clickable at point (320, 649). Other element would receive the click: &amp;lt;iframe id=&amp;quot;aswift_4&amp;quot; name=&amp;quot;aswift_4&amp;quot; browsingtopics=&amp;quot;true&amp;quot; style=&amp;quot;width: 980px !important; height: 120px !important; display: block; margin: 0px auto;&amp;quot; sandbox=&amp;quot;allow-forms allow-popups allow-popups-to-escape-sandbox allow-same-origin allow-scripts allow-top-navigation-by-user-activation&amp;quot; width=&amp;quot;980&amp;quot; height=&amp;quot;120&amp;quot; frameborder=&amp;quot;0&amp;quot; marginwidth=&amp;quot;0&amp;quot; marginheight=&amp;quot;0&amp;quot; vspace=&amp;quot;0&amp;quot; hspace=&amp;quot;0&amp;quot; allowtransparency=&amp;quot;true&amp;quot; scrolling=&amp;quot;no&amp;quot; allow=&amp;quot;attribution-reporting; run-ad-auction&amp;quot; src=&amp;quot;https://googleads.g.doubleclick.net/pagead/html/r20250127/r20190131/zrt_lookup_fy2021.html#RS-0-&amp;amp;amp;adk=1812271801&amp;amp;amp;client=ca-pub-1677597403311019&amp;amp;amp;fa=1&amp;amp;amp;ifi=5&amp;amp;amp;uci=a!5&amp;amp;amp;btvi=3&amp;quot; data-google-container-id=&amp;quot;a!5&amp;quot; tabindex=&amp;quot;0&amp;quot; title=&amp;quot;Advertisement&amp;quot; aria-label=&amp;quot;Advertisement&amp;quot; data-google-query-id=&amp;quot;CLa9oNu4m4sDFWlonQkdchsEnQ&amp;quot; data-load-complete=&amp;quot;true&amp;quot;&amp;gt;&amp;lt;/iframe&amp;gt;\nE         (Session info: chrome=132.0.6834.112)\nE       Stacktrace:\nE       \tGetHandleVerifier [0x00007FF733A102F5+28725]\nE       \t(No symbol) [0x00007FF733972AE0]\nE       \t(No symbol) [0x00007FF73380510A]\nE       \t(No symbol) [0x00007FF7338610F8]\nE       \t(No symbol) [0x00007FF73385EB42]\nE       \t(No symbol) [0x00007FF73385BC51]\nE       \t(No symbol) [0x00007FF73385ABB1]\nE       \t(No symbol) [0x00007FF73384C6B4]\nE       \t(No symbol) [0x00007FF73387FFAA]\nE       \t(No symbol) [0x00007FF73384BF86]\nE       \t(No symbol) [0x00007FF7338801C0]\nE       \t(No symbol) [0x00007FF7338A0181]\nE       \t(No symbol) [0x00007FF73387FD53]\nE       \t(No symbol) [0x00007FF73384A0E3]\nE       \t(No symbol) [0x00007FF73384B471]\nE       \tGetHandleVerifier [0x00007FF733D3F30D+3366989]\nE       \tGetHandleVerifier [0x00007FF733D512F0+3440688]\nE       \tGetHandleVerifier [0x00007FF733D478FD+3401277]\nE       \tGetHandleVerifier [0x00007FF733ADAAAB+858091]\nE       \t(No symbol) [0x00007FF73397E74F]\nE       \t(No symbol) [0x00007FF73397A304]\nE       \t(No symbol) [0x00007FF73397A49D]\nE       \t(No symbol) [0x00007FF733968B69]\nE       \tBaseThreadInitThunk [0x00007FFDC63BE8D7+23]\nE       \tRtlUserThreadStart [0x00007FFDC69BFBCC+44]\n\n..\\Capstone_p2\\.venv\\lib\\site-packages\\selenium\\webdriver\\remote\\errorhandler.py:232: ElementClickInterceptedException\n&#34;}], &#34;tests/test_view_category_products.py::TestCategoryProducts::test_view_category_products&#34;: [{&#34;extras&#34;: [], &#34;result&#34;: &#34;Passed&#34;, &#34;testId&#34;: &#34;tests/test_view_category_products.py::TestCategoryProducts::test_view_category_products&#34;, &#34;duration&#34;: &#34;00:00:15&#34;, &#34;resultsTableRow&#34;: [&#34;&lt;td class=\&#34;col-result\&#34;&gt;Passed&lt;/td&gt;&#34;, &#34;&lt;td class=\&#34;col-testId\&#34;&gt;tests/test_view_category_products.py::TestCategoryProducts::test_view_category_products&lt;/td&gt;&#34;, &#34;&lt;td class=\&#34;col-duration\&#34;&gt;00:00:15&lt;/td&gt;&#34;, &#34;&lt;td class=\&#34;col-links\&#34;&gt;&lt;/td&gt;&#34;], &#34;log&#34;: &#34;----------------------------- Captured stdout call -----------------------------\nScreenshot saved at: screenshots\\WomenDressCategoryPage_20250129_225153.png\nScreenshot saved at: screenshots\\WomenDressCategoryPage_20250129_225153.png\nAttempting to click on &amp;#x27;Men&amp;#x27; category...\nVerifying &amp;#x27;Men&amp;#x27; sub-category page is displayed...\nScreenshot saved at: screenshots\\MenSubCategoryPage_20250129_225155.png\nScreenshot saved at: screenshots\\MenSubCategoryPage_20250129_225155.png\nTest Case 18: View Category Products - Passed!\n&#34;}], &#34;tests/test_z_login_before_checkout.py::TestLoginBeforeCheckout::test_login_and_place_order&#34;: [{&#34;extras&#34;: [], &#34;result&#34;: &#34;Failed&#34;, &#34;testId&#34;: &#34;tests/test_z_login_before_checkout.py::TestLoginBeforeCheckout::test_login_and_place_order&#34;, &#34;duration&#34;: &#34;00:00:18&#34;, &#34;resultsTableRow&#34;: [&#34;&lt;td class=\&#34;col-result\&#34;&gt;Failed&lt;/td&gt;&#34;, &#34;&lt;td class=\&#34;col-testId\&#34;&gt;tests/test_z_login_before_checkout.py::TestLoginBeforeCheckout::test_login_and_place_order&lt;/td&gt;&#34;, &#34;&lt;td class=\&#34;col-duration\&#34;&gt;00:00:18&lt;/td&gt;&#34;, &#34;&lt;td class=\&#34;col-links\&#34;&gt;&lt;/td&gt;&#34;], &#34;log&#34;: &#34;self = &amp;lt;test_z_login_before_checkout.TestLoginBeforeCheckout object at 0x0000020D9E80CBB0&amp;gt;\n\n    def test_login_and_place_order(self):\n        page = LoginBeforeCheckout(self.driver)\n        page.visit(Config.BASE_URL)\n    \n        assert &amp;quot;Automation Exercise&amp;quot; in self.driver.title, &amp;quot;Home page title does not match.&amp;quot;\n    \n        page.login(email=&amp;quot;user2701@gmail.com&amp;quot;, password=&amp;quot;user2701&amp;quot;)\n        assert page.verify_logged_in(), &amp;quot;Login failed or logged-in text not visible.&amp;quot;\n    \n&amp;gt;       page.add_to_cart()\n\ntests\\test_z_login_before_checkout.py:20: \n_ _ _ _ _ _ _ _ _ _ _ _ _ _ _ _ _ _ _ _ _ _ _ _ _ _ _ _ _ _ _ _ _ _ _ _ _ _ _ _ _ _ _ _ _ _ _ _ _ _ _ _ _ _ _ _ _ _ _ _ _ _ _ _ _ _ _ _ _ _ _ _ _ _ _ _ _ _ _ _ _ _ _ _ _ _ _ _ _ _\npages\\login_before_checkout_page.py:41: in add_to_cart\n    self.click(self.ADD_TO_CART_BUTTON)\npages\\base_page.py:31: in click\n    element.click()\n..\\Capstone_p2\\.venv\\lib\\site-packages\\selenium\\webdriver\\remote\\webelement.py:119: in click\n    self._execute(Command.CLICK_ELEMENT)\n..\\Capstone_p2\\.venv\\lib\\site-packages\\selenium\\webdriver\\remote\\webelement.py:570: in _execute\n    return self._parent.execute(command, params)\n..\\Capstone_p2\\.venv\\lib\\site-packages\\selenium\\webdriver\\remote\\webdriver.py:429: in execute\n    self.error_handler.check_response(response)\n_ _ _ _ _ _ _ _ _ _ _ _ _ _ _ _ _ _ _ _ _ _ _ _ _ _ _ _ _ _ _ _ _ _ _ _ _ _ _ _ _ _ _ _ _ _ _ _ _ _ _ _ _ _ _ _ _ _ _ _ _ _ _ _ _ _ _ _ _ _ _ _ _ _ _ _ _ _ _ _ _ _ _ _ _ _ _ _ _ _\n\nself = &amp;lt;selenium.webdriver.remote.errorhandler.ErrorHandler object at 0x0000020D9F2B4910&amp;gt;\nresponse = {&amp;#x27;status&amp;#x27;: 400, &amp;#x27;value&amp;#x27;: &amp;#x27;{&amp;quot;value&amp;quot;:{&amp;quot;error&amp;quot;:&amp;quot;element click intercepted&amp;quot;,&amp;quot;message&amp;quot;:&amp;quot;element click intercepted: Element ...07FF733968B69]\\\\n\\\\tBaseThreadInitThunk [0x00007FFDC63BE8D7+23]\\\\n\\\\tRtlUserThreadStart [0x00007FFDC69BFBCC+44]\\\\n&amp;quot;}}&amp;#x27;}\n\n    def check_response(self, response: Dict[str, Any]) -&amp;gt; None:\n        &amp;quot;&amp;quot;&amp;quot;Checks that a JSON response from the WebDriver does not have an\n        error.\n    \n        :Args:\n         - response - The JSON response from the WebDriver server as a dictionary\n           object.\n    \n        :Raises: If the response contains an error message.\n        &amp;quot;&amp;quot;&amp;quot;\n        status = response.get(&amp;quot;status&amp;quot;, None)\n        if not status or status == ErrorCode.SUCCESS:\n            return\n        value = None\n        message = response.get(&amp;quot;message&amp;quot;, &amp;quot;&amp;quot;)\n        screen: str = response.get(&amp;quot;screen&amp;quot;, &amp;quot;&amp;quot;)\n        stacktrace = None\n        if isinstance(status, int):\n            value_json = response.get(&amp;quot;value&amp;quot;, None)\n            if value_json and isinstance(value_json, str):\n                import json\n    \n                try:\n                    value = json.loads(value_json)\n                    if len(value) == 1:\n                        value = value[&amp;quot;value&amp;quot;]\n                    status = value.get(&amp;quot;error&amp;quot;, None)\n                    if not status:\n                        status = value.get(&amp;quot;status&amp;quot;, ErrorCode.UNKNOWN_ERROR)\n                        message = value.get(&amp;quot;value&amp;quot;) or value.get(&amp;quot;message&amp;quot;)\n                        if not isinstance(message, str):\n                            value = message\n                            message = message.get(&amp;quot;message&amp;quot;)\n                    else:\n                        message = value.get(&amp;quot;message&amp;quot;, None)\n                except ValueError:\n                    pass\n    \n        exception_class: Type[WebDriverException]\n        e = ErrorCode()\n        error_codes = [item for item in dir(e) if not item.startswith(&amp;quot;__&amp;quot;)]\n        for error_code in error_codes:\n            error_info = getattr(ErrorCode, error_code)\n            if isinstance(error_info, list) and status in error_info:\n                exception_class = getattr(ExceptionMapping, error_code, WebDriverException)\n                break\n        else:\n            exception_class = WebDriverException\n    \n        if not value:\n            value = response[&amp;quot;value&amp;quot;]\n        if isinstance(value, str):\n            raise exception_class(value)\n        if message == &amp;quot;&amp;quot; and &amp;quot;message&amp;quot; in value:\n            message = value[&amp;quot;message&amp;quot;]\n    \n        screen = None  # type: ignore[assignment]\n        if &amp;quot;screen&amp;quot; in value:\n            screen = value[&amp;quot;screen&amp;quot;]\n    \n        stacktrace = None\n        st_value = value.get(&amp;quot;stackTrace&amp;quot;) or value.get(&amp;quot;stacktrace&amp;quot;)\n        if st_value:\n            if isinstance(st_value, str):\n                stacktrace = st_value.split(&amp;quot;\\n&amp;quot;)\n            else:\n                stacktrace = []\n                try:\n                    for frame in st_value:\n                        line = frame.get(&amp;quot;lineNumber&amp;quot;, &amp;quot;&amp;quot;)\n                        file = frame.get(&amp;quot;fileName&amp;quot;, &amp;quot;&amp;lt;anonymous&amp;gt;&amp;quot;)\n                        if line:\n                            file = f&amp;quot;{file}:{line}&amp;quot;\n                        meth = frame.get(&amp;quot;methodName&amp;quot;, &amp;quot;&amp;lt;anonymous&amp;gt;&amp;quot;)\n                        if &amp;quot;className&amp;quot; in frame:\n                            meth = f&amp;quot;{frame[&amp;#x27;className&amp;#x27;]}.{meth}&amp;quot;\n                        msg = &amp;quot;    at %s (%s)&amp;quot;\n                        msg = msg % (meth, file)\n                        stacktrace.append(msg)\n                except TypeError:\n                    pass\n        if exception_class == UnexpectedAlertPresentException:\n            alert_text = None\n            if &amp;quot;data&amp;quot; in value:\n                alert_text = value[&amp;quot;data&amp;quot;].get(&amp;quot;text&amp;quot;)\n            elif &amp;quot;alert&amp;quot; in value:\n                alert_text = value[&amp;quot;alert&amp;quot;].get(&amp;quot;text&amp;quot;)\n            raise exception_class(message, screen, stacktrace, alert_text)  # type: ignore[call-arg]  # mypy is not smart enough here\n&amp;gt;       raise exception_class(message, screen, stacktrace)\nE       selenium.common.exceptions.ElementClickInterceptedException: Message: element click intercepted: Element &amp;lt;a data-product-id=&amp;quot;1&amp;quot; class=&amp;quot;btn btn-default add-to-cart&amp;quot;&amp;gt;...&amp;lt;/a&amp;gt; is not clickable at point (625, 662). Other element would receive the click: &amp;lt;iframe id=&amp;quot;aswift_1&amp;quot; name=&amp;quot;aswift_1&amp;quot; browsingtopics=&amp;quot;true&amp;quot; style=&amp;quot;width: 728px !important; height: 90px !important; display: block; margin: 0px auto;&amp;quot; sandbox=&amp;quot;allow-forms allow-popups allow-popups-to-escape-sandbox allow-same-origin allow-scripts allow-top-navigation-by-user-activation&amp;quot; width=&amp;quot;728&amp;quot; height=&amp;quot;90&amp;quot; frameborder=&amp;quot;0&amp;quot; marginwidth=&amp;quot;0&amp;quot; marginheight=&amp;quot;0&amp;quot; vspace=&amp;quot;0&amp;quot; hspace=&amp;quot;0&amp;quot; allowtransparency=&amp;quot;true&amp;quot; scrolling=&amp;quot;no&amp;quot; allow=&amp;quot;attribution-reporting; run-ad-auction&amp;quot; src=&amp;quot;https://googleads.g.doubleclick.net/pagead/html/r20250127/r20190131/zrt_lookup_fy2021.html#RS-0-&amp;amp;amp;adk=1812271801&amp;amp;amp;client=ca-pub-1677597403311019&amp;amp;amp;fa=1&amp;amp;amp;ifi=2&amp;amp;amp;uci=a!2&amp;amp;amp;btvi=1&amp;quot; data-google-container-id=&amp;quot;a!2&amp;quot; tabindex=&amp;quot;0&amp;quot; title=&amp;quot;Advertisement&amp;quot; aria-label=&amp;quot;Advertisement&amp;quot; data-google-query-id=&amp;quot;CO3oreu4m4sDFb-CZgIdHiAb6A&amp;quot; data-load-complete=&amp;quot;true&amp;quot;&amp;gt;&amp;lt;/iframe&amp;gt;\nE         (Session info: chrome=132.0.6834.112)\nE       Stacktrace:\nE       \tGetHandleVerifier [0x00007FF733A102F5+28725]\nE       \t(No symbol) [0x00007FF733972AE0]\nE       \t(No symbol) [0x00007FF73380510A]\nE       \t(No symbol) [0x00007FF7338610F8]\nE       \t(No symbol) [0x00007FF73385EB42]\nE       \t(No symbol) [0x00007FF73385BC51]\nE       \t(No symbol) [0x00007FF73385ABB1]\nE       \t(No symbol) [0x00007FF73384C6B4]\nE       \t(No symbol) [0x00007FF73387FFAA]\nE       \t(No symbol) [0x00007FF73384BF86]\nE       \t(No symbol) [0x00007FF7338801C0]\nE       \t(No symbol) [0x00007FF7338A0181]\nE       \t(No symbol) [0x00007FF73387FD53]\nE       \t(No symbol) [0x00007FF73384A0E3]\nE       \t(No symbol) [0x00007FF73384B471]\nE       \tGetHandleVerifier [0x00007FF733D3F30D+3366989]\nE       \tGetHandleVerifier [0x00007FF733D512F0+3440688]\nE       \tGetHandleVerifier [0x00007FF733D478FD+3401277]\nE       \tGetHandleVerifier [0x00007FF733ADAAAB+858091]\nE       \t(No symbol) [0x00007FF73397E74F]\nE       \t(No symbol) [0x00007FF73397A304]\nE       \t(No symbol) [0x00007FF73397A49D]\nE       \t(No symbol) [0x00007FF733968B69]\nE       \tBaseThreadInitThunk [0x00007FFDC63BE8D7+23]\nE       \tRtlUserThreadStart [0x00007FFDC69BFBCC+44]\n\n..\\Capstone_p2\\.venv\\lib\\site-packages\\selenium\\webdriver\\remote\\errorhandler.py:232: ElementClickInterceptedException\n&#34;}]}, &#34;renderCollapsed&#34;: [&#34;passed&#34;], &#34;initialSort&#34;: &#34;result&#34;, &#34;title&#34;: &#34;report.html&#34;}"></div>
    <script>
      (function(){function r(e,n,t){function o(i,f){if(!n[i]){if(!e[i]){var c="function"==typeof require&&require;if(!f&&c)return c(i,!0);if(u)return u(i,!0);var a=new Error("Cannot find module '"+i+"'");throw a.code="MODULE_NOT_FOUND",a}var p=n[i]={exports:{}};e[i][0].call(p.exports,function(r){var n=e[i][1][r];return o(n||r)},p,p.exports,r,e,n,t)}return n[i].exports}for(var u="function"==typeof require&&require,i=0;i<t.length;i++)o(t[i]);return o}return r})()({1:[function(require,module,exports){
const { getCollapsedCategory, setCollapsedIds } = require('./storage.js')

class DataManager {
    setManager(data) {
        const collapsedCategories = [...getCollapsedCategory(data.renderCollapsed)]
        const collapsedIds = []
        const tests = Object.values(data.tests).flat().map((test, index) => {
            const collapsed = collapsedCategories.includes(test.result.toLowerCase())
            const id = `test_${index}`
            if (collapsed) {
                collapsedIds.push(id)
            }
            return {
                ...test,
                id,
                collapsed,
            }
        })
        const dataBlob = { ...data, tests }
        this.data = { ...dataBlob }
        this.renderData = { ...dataBlob }
        setCollapsedIds(collapsedIds)
    }

    get allData() {
        return { ...this.data }
    }

    resetRender() {
        this.renderData = { ...this.data }
    }

    setRender(data) {
        this.renderData.tests = [...data]
    }

    toggleCollapsedItem(id) {
        this.renderData.tests = this.renderData.tests.map((test) =>
            test.id === id ? { ...test, collapsed: !test.collapsed } : test,
        )
    }

    set allCollapsed(collapsed) {
        this.renderData = { ...this.renderData, tests: [...this.renderData.tests.map((test) => (
            { ...test, collapsed }
        ))] }
    }

    get testSubset() {
        return [...this.renderData.tests]
    }

    get environment() {
        return this.renderData.environment
    }

    get initialSort() {
        return this.data.initialSort
    }
}

module.exports = {
    manager: new DataManager(),
}

},{"./storage.js":8}],2:[function(require,module,exports){
const mediaViewer = require('./mediaviewer.js')
const templateEnvRow = document.getElementById('template_environment_row')
const templateResult = document.getElementById('template_results-table__tbody')

function htmlToElements(html) {
    const temp = document.createElement('template')
    temp.innerHTML = html
    return temp.content.childNodes
}

const find = (selector, elem) => {
    if (!elem) {
        elem = document
    }
    return elem.querySelector(selector)
}

const findAll = (selector, elem) => {
    if (!elem) {
        elem = document
    }
    return [...elem.querySelectorAll(selector)]
}

const dom = {
    getStaticRow: (key, value) => {
        const envRow = templateEnvRow.content.cloneNode(true)
        const isObj = typeof value === 'object' && value !== null
        const values = isObj ? Object.keys(value).map((k) => `${k}: ${value[k]}`) : null

        const valuesElement = htmlToElements(
            values ? `<ul>${values.map((val) => `<li>${val}</li>`).join('')}<ul>` : `<div>${value}</div>`)[0]
        const td = findAll('td', envRow)
        td[0].textContent = key
        td[1].appendChild(valuesElement)

        return envRow
    },
    getResultTBody: ({ testId, id, log, extras, resultsTableRow, tableHtml, result, collapsed }) => {
        const resultBody = templateResult.content.cloneNode(true)
        resultBody.querySelector('tbody').classList.add(result.toLowerCase())
        resultBody.querySelector('tbody').id = testId
        resultBody.querySelector('.collapsible').dataset.id = id

        resultsTableRow.forEach((html) => {
            const t = document.createElement('template')
            t.innerHTML = html
            resultBody.querySelector('.collapsible').appendChild(t.content)
        })

        if (log) {
            // Wrap lines starting with "E" with span.error to color those lines red
            const wrappedLog = log.replace(/^E.*$/gm, (match) => `<span class="error">${match}</span>`)
            resultBody.querySelector('.log').innerHTML = wrappedLog
        } else {
            resultBody.querySelector('.log').remove()
        }

        if (collapsed) {
            resultBody.querySelector('.collapsible > td')?.classList.add('collapsed')
            resultBody.querySelector('.extras-row').classList.add('hidden')
        } else {
            resultBody.querySelector('.collapsible > td')?.classList.remove('collapsed')
        }

        const media = []
        extras?.forEach(({ name, format_type, content }) => {
            if (['image', 'video'].includes(format_type)) {
                media.push({ path: content, name, format_type })
            }

            if (format_type === 'html') {
                resultBody.querySelector('.extraHTML').insertAdjacentHTML('beforeend', `<div>${content}</div>`)
            }
        })
        mediaViewer.setup(resultBody, media)

        // Add custom html from the pytest_html_results_table_html hook
        tableHtml?.forEach((item) => {
            resultBody.querySelector('td[class="extra"]').insertAdjacentHTML('beforeend', item)
        })

        return resultBody
    },
}

module.exports = {
    dom,
    htmlToElements,
    find,
    findAll,
}

},{"./mediaviewer.js":6}],3:[function(require,module,exports){
const { manager } = require('./datamanager.js')
const { doSort } = require('./sort.js')
const storageModule = require('./storage.js')

const getFilteredSubSet = (filter) =>
    manager.allData.tests.filter(({ result }) => filter.includes(result.toLowerCase()))

const doInitFilter = () => {
    const currentFilter = storageModule.getVisible()
    const filteredSubset = getFilteredSubSet(currentFilter)
    manager.setRender(filteredSubset)
}

const doFilter = (type, show) => {
    if (show) {
        storageModule.showCategory(type)
    } else {
        storageModule.hideCategory(type)
    }

    const currentFilter = storageModule.getVisible()
    const filteredSubset = getFilteredSubSet(currentFilter)
    manager.setRender(filteredSubset)

    const sortColumn = storageModule.getSort()
    doSort(sortColumn, true)
}

module.exports = {
    doFilter,
    doInitFilter,
}

},{"./datamanager.js":1,"./sort.js":7,"./storage.js":8}],4:[function(require,module,exports){
const { redraw, bindEvents, renderStatic } = require('./main.js')
const { doInitFilter } = require('./filter.js')
const { doInitSort } = require('./sort.js')
const { manager } = require('./datamanager.js')
const data = JSON.parse(document.getElementById('data-container').dataset.jsonblob)

function init() {
    manager.setManager(data)
    doInitFilter()
    doInitSort()
    renderStatic()
    redraw()
    bindEvents()
}

init()

},{"./datamanager.js":1,"./filter.js":3,"./main.js":5,"./sort.js":7}],5:[function(require,module,exports){
const { dom, find, findAll } = require('./dom.js')
const { manager } = require('./datamanager.js')
const { doSort } = require('./sort.js')
const { doFilter } = require('./filter.js')
const {
    getVisible,
    getCollapsedIds,
    setCollapsedIds,
    getSort,
    getSortDirection,
    possibleFilters,
} = require('./storage.js')

const removeChildren = (node) => {
    while (node.firstChild) {
        node.removeChild(node.firstChild)
    }
}

const renderStatic = () => {
    const renderEnvironmentTable = () => {
        const environment = manager.environment
        const rows = Object.keys(environment).map((key) => dom.getStaticRow(key, environment[key]))
        const table = document.getElementById('environment')
        removeChildren(table)
        rows.forEach((row) => table.appendChild(row))
    }
    renderEnvironmentTable()
}

const addItemToggleListener = (elem) => {
    elem.addEventListener('click', ({ target }) => {
        const id = target.parentElement.dataset.id
        manager.toggleCollapsedItem(id)

        const collapsedIds = getCollapsedIds()
        if (collapsedIds.includes(id)) {
            const updated = collapsedIds.filter((item) => item !== id)
            setCollapsedIds(updated)
        } else {
            collapsedIds.push(id)
            setCollapsedIds(collapsedIds)
        }
        redraw()
    })
}

const renderContent = (tests) => {
    const sortAttr = getSort(manager.initialSort)
    const sortAsc = JSON.parse(getSortDirection())
    const rows = tests.map(dom.getResultTBody)
    const table = document.getElementById('results-table')
    const tableHeader = document.getElementById('results-table-head')

    const newTable = document.createElement('table')
    newTable.id = 'results-table'

    // remove all sorting classes and set the relevant
    findAll('.sortable', tableHeader).forEach((elem) => elem.classList.remove('asc', 'desc'))
    tableHeader.querySelector(`.sortable[data-column-type="${sortAttr}"]`)?.classList.add(sortAsc ? 'desc' : 'asc')
    newTable.appendChild(tableHeader)

    if (!rows.length) {
        const emptyTable = document.getElementById('template_results-table__body--empty').content.cloneNode(true)
        newTable.appendChild(emptyTable)
    } else {
        rows.forEach((row) => {
            if (!!row) {
                findAll('.collapsible td:not(.col-links', row).forEach(addItemToggleListener)
                find('.logexpander', row).addEventListener('click',
                    (evt) => evt.target.parentNode.classList.toggle('expanded'),
                )
                newTable.appendChild(row)
            }
        })
    }

    table.replaceWith(newTable)
}

const renderDerived = () => {
    const currentFilter = getVisible()
    possibleFilters.forEach((result) => {
        const input = document.querySelector(`input[data-test-result="${result}"]`)
        input.checked = currentFilter.includes(result)
    })
}

const bindEvents = () => {
    const filterColumn = (evt) => {
        const { target: element } = evt
        const { testResult } = element.dataset

        doFilter(testResult, element.checked)
        const collapsedIds = getCollapsedIds()
        const updated = manager.renderData.tests.map((test) => {
            return {
                ...test,
                collapsed: collapsedIds.includes(test.id),
            }
        })
        manager.setRender(updated)
        redraw()
    }

    const header = document.getElementById('environment-header')
    header.addEventListener('click', () => {
        const table = document.getElementById('environment')
        table.classList.toggle('hidden')
        header.classList.toggle('collapsed')
    })

    findAll('input[name="filter_checkbox"]').forEach((elem) => {
        elem.addEventListener('click', filterColumn)
    })

    findAll('.sortable').forEach((elem) => {
        elem.addEventListener('click', (evt) => {
            const { target: element } = evt
            const { columnType } = element.dataset
            doSort(columnType)
            redraw()
        })
    })

    document.getElementById('show_all_details').addEventListener('click', () => {
        manager.allCollapsed = false
        setCollapsedIds([])
        redraw()
    })
    document.getElementById('hide_all_details').addEventListener('click', () => {
        manager.allCollapsed = true
        const allIds = manager.renderData.tests.map((test) => test.id)
        setCollapsedIds(allIds)
        redraw()
    })
}

const redraw = () => {
    const { testSubset } = manager

    renderContent(testSubset)
    renderDerived()
}

module.exports = {
    redraw,
    bindEvents,
    renderStatic,
}

},{"./datamanager.js":1,"./dom.js":2,"./filter.js":3,"./sort.js":7,"./storage.js":8}],6:[function(require,module,exports){
class MediaViewer {
    constructor(assets) {
        this.assets = assets
        this.index = 0
    }

    nextActive() {
        this.index = this.index === this.assets.length - 1 ? 0 : this.index + 1
        return [this.activeFile, this.index]
    }

    prevActive() {
        this.index = this.index === 0 ? this.assets.length - 1 : this.index -1
        return [this.activeFile, this.index]
    }

    get currentIndex() {
        return this.index
    }

    get activeFile() {
        return this.assets[this.index]
    }
}


const setup = (resultBody, assets) => {
    if (!assets.length) {
        resultBody.querySelector('.media').classList.add('hidden')
        return
    }

    const mediaViewer = new MediaViewer(assets)
    const container = resultBody.querySelector('.media-container')
    const leftArrow = resultBody.querySelector('.media-container__nav--left')
    const rightArrow = resultBody.querySelector('.media-container__nav--right')
    const mediaName = resultBody.querySelector('.media__name')
    const counter = resultBody.querySelector('.media__counter')
    const imageEl = resultBody.querySelector('img')
    const sourceEl = resultBody.querySelector('source')
    const videoEl = resultBody.querySelector('video')

    const setImg = (media, index) => {
        if (media?.format_type === 'image') {
            imageEl.src = media.path

            imageEl.classList.remove('hidden')
            videoEl.classList.add('hidden')
        } else if (media?.format_type === 'video') {
            sourceEl.src = media.path

            videoEl.classList.remove('hidden')
            imageEl.classList.add('hidden')
        }

        mediaName.innerText = media?.name
        counter.innerText = `${index + 1} / ${assets.length}`
    }
    setImg(mediaViewer.activeFile, mediaViewer.currentIndex)

    const moveLeft = () => {
        const [media, index] = mediaViewer.prevActive()
        setImg(media, index)
    }
    const doRight = () => {
        const [media, index] = mediaViewer.nextActive()
        setImg(media, index)
    }
    const openImg = () => {
        window.open(mediaViewer.activeFile.path, '_blank')
    }
    if (assets.length === 1) {
        container.classList.add('media-container--fullscreen')
    } else {
        leftArrow.addEventListener('click', moveLeft)
        rightArrow.addEventListener('click', doRight)
    }
    imageEl.addEventListener('click', openImg)
}

module.exports = {
    setup,
}

},{}],7:[function(require,module,exports){
const { manager } = require('./datamanager.js')
const storageModule = require('./storage.js')

const genericSort = (list, key, ascending, customOrder) => {
    let sorted
    if (customOrder) {
        sorted = list.sort((a, b) => {
            const aValue = a.result.toLowerCase()
            const bValue = b.result.toLowerCase()

            const aIndex = customOrder.findIndex((item) => item.toLowerCase() === aValue)
            const bIndex = customOrder.findIndex((item) => item.toLowerCase() === bValue)

            // Compare the indices to determine the sort order
            return aIndex - bIndex
        })
    } else {
        sorted = list.sort((a, b) => a[key] === b[key] ? 0 : a[key] > b[key] ? 1 : -1)
    }

    if (ascending) {
        sorted.reverse()
    }
    return sorted
}

const durationSort = (list, ascending) => {
    const parseDuration = (duration) => {
        if (duration.includes(':')) {
            // If it's in the format "HH:mm:ss"
            const [hours, minutes, seconds] = duration.split(':').map(Number)
            return (hours * 3600 + minutes * 60 + seconds) * 1000
        } else {
            // If it's in the format "nnn ms"
            return parseInt(duration)
        }
    }
    const sorted = list.sort((a, b) => parseDuration(a['duration']) - parseDuration(b['duration']))
    if (ascending) {
        sorted.reverse()
    }
    return sorted
}

const doInitSort = () => {
    const type = storageModule.getSort(manager.initialSort)
    const ascending = storageModule.getSortDirection()
    const list = manager.testSubset
    const initialOrder = ['Error', 'Failed', 'Rerun', 'XFailed', 'XPassed', 'Skipped', 'Passed']

    storageModule.setSort(type)
    storageModule.setSortDirection(ascending)

    if (type?.toLowerCase() === 'original') {
        manager.setRender(list)
    } else {
        let sortedList
        switch (type) {
        case 'duration':
            sortedList = durationSort(list, ascending)
            break
        case 'result':
            sortedList = genericSort(list, type, ascending, initialOrder)
            break
        default:
            sortedList = genericSort(list, type, ascending)
            break
        }
        manager.setRender(sortedList)
    }
}

const doSort = (type, skipDirection) => {
    const newSortType = storageModule.getSort(manager.initialSort) !== type
    const currentAsc = storageModule.getSortDirection()
    let ascending
    if (skipDirection) {
        ascending = currentAsc
    } else {
        ascending = newSortType ? false : !currentAsc
    }
    storageModule.setSort(type)
    storageModule.setSortDirection(ascending)

    const list = manager.testSubset
    const sortedList = type === 'duration' ? durationSort(list, ascending) : genericSort(list, type, ascending)
    manager.setRender(sortedList)
}

module.exports = {
    doInitSort,
    doSort,
}

},{"./datamanager.js":1,"./storage.js":8}],8:[function(require,module,exports){
const possibleFilters = [
    'passed',
    'skipped',
    'failed',
    'error',
    'xfailed',
    'xpassed',
    'rerun',
]

const getVisible = () => {
    const url = new URL(window.location.href)
    const settings = new URLSearchParams(url.search).get('visible')
    const lower = (item) => {
        const lowerItem = item.toLowerCase()
        if (possibleFilters.includes(lowerItem)) {
            return lowerItem
        }
        return null
    }
    return settings === null ?
        possibleFilters :
        [...new Set(settings?.split(',').map(lower).filter((item) => item))]
}

const hideCategory = (categoryToHide) => {
    const url = new URL(window.location.href)
    const visibleParams = new URLSearchParams(url.search).get('visible')
    const currentVisible = visibleParams ? visibleParams.split(',') : [...possibleFilters]
    const settings = [...new Set(currentVisible)].filter((f) => f !== categoryToHide).join(',')

    url.searchParams.set('visible', settings)
    window.history.pushState({}, null, unescape(url.href))
}

const showCategory = (categoryToShow) => {
    if (typeof window === 'undefined') {
        return
    }
    const url = new URL(window.location.href)
    const currentVisible = new URLSearchParams(url.search).get('visible')?.split(',').filter(Boolean) ||
        [...possibleFilters]
    const settings = [...new Set([categoryToShow, ...currentVisible])]
    const noFilter = possibleFilters.length === settings.length || !settings.length

    noFilter ? url.searchParams.delete('visible') : url.searchParams.set('visible', settings.join(','))
    window.history.pushState({}, null, unescape(url.href))
}

const getSort = (initialSort) => {
    const url = new URL(window.location.href)
    let sort = new URLSearchParams(url.search).get('sort')
    if (!sort) {
        sort = initialSort || 'result'
    }
    return sort
}

const setSort = (type) => {
    const url = new URL(window.location.href)
    url.searchParams.set('sort', type)
    window.history.pushState({}, null, unescape(url.href))
}

const getCollapsedCategory = (renderCollapsed) => {
    let categories
    if (typeof window !== 'undefined') {
        const url = new URL(window.location.href)
        const collapsedItems = new URLSearchParams(url.search).get('collapsed')
        switch (true) {
        case !renderCollapsed && collapsedItems === null:
            categories = ['passed']
            break
        case collapsedItems?.length === 0 || /^["']{2}$/.test(collapsedItems):
            categories = []
            break
        case /^all$/.test(collapsedItems) || collapsedItems === null && /^all$/.test(renderCollapsed):
            categories = [...possibleFilters]
            break
        default:
            categories = collapsedItems?.split(',').map((item) => item.toLowerCase()) || renderCollapsed
            break
        }
    } else {
        categories = []
    }
    return categories
}

const getSortDirection = () => JSON.parse(sessionStorage.getItem('sortAsc')) || false
const setSortDirection = (ascending) => sessionStorage.setItem('sortAsc', ascending)

const getCollapsedIds = () => JSON.parse(sessionStorage.getItem('collapsedIds')) || []
const setCollapsedIds = (list) => sessionStorage.setItem('collapsedIds', JSON.stringify(list))

module.exports = {
    getVisible,
    hideCategory,
    showCategory,
    getCollapsedIds,
    setCollapsedIds,
    getSort,
    setSort,
    getSortDirection,
    setSortDirection,
    getCollapsedCategory,
    possibleFilters,
}

},{}]},{},[4]);
    </script>
  </footer>
</html>